[ 2016-08-18T09:29:38+08:00 ] 127.0.0.1 /jf/admin.php
INFO: [ app_init ] --START--
INFO: Run Behavior\BuildLiteBehavior [ RunTime:0.000016s ]
INFO: [ app_init ] --END-- [ RunTime:0.000429s ]
INFO: [ app_begin ] --START--
INFO: Run Behavior\ReadHtmlCacheBehavior [ RunTime:0.000602s ]
INFO: [ app_begin ] --END-- [ RunTime:0.000665s ]

[ 2016-08-18T09:29:38+08:00 ] 127.0.0.1 /jf/admin.php/Login/index.html
INFO: [ app_init ] --START--
INFO: Run Behavior\BuildLiteBehavior [ RunTime:0.000016s ]
INFO: [ app_init ] --END-- [ RunTime:0.000324s ]
INFO: [ app_begin ] --START--
INFO: Run Behavior\ReadHtmlCacheBehavior [ RunTime:0.000470s ]
INFO: [ app_begin ] --END-- [ RunTime:0.000533s ]
INFO: [ view_parse ] --START--
INFO: [ template_filter ] --START--
INFO: Run Behavior\ContentReplaceBehavior [ RunTime:0.000056s ]
INFO: [ template_filter ] --END-- [ RunTime:0.000113s ]
INFO: Run Behavior\ParseTemplateBehavior [ RunTime:0.006626s ]
INFO: [ view_parse ] --END-- [ RunTime:0.006687s ]
INFO: [ view_filter ] --START--
INFO: Run Behavior\WriteHtmlCacheBehavior [ RunTime:0.000276s ]
INFO: [ view_filter ] --END-- [ RunTime:0.000329s ]
INFO: [ app_end ] --START--
INFO: Run Behavior\ShowPageTraceBehavior [ RunTime:0.000497s ]
INFO: [ app_end ] --END-- [ RunTime:0.000555s ]

[ 2016-08-18T09:29:38+08:00 ] 127.0.0.1 /jf/admin.php/Login/verify.html
INFO: [ app_init ] --START--
INFO: Run Behavior\BuildLiteBehavior [ RunTime:0.000023s ]
INFO: [ app_init ] --END-- [ RunTime:0.000382s ]
INFO: [ app_begin ] --START--
INFO: Run Behavior\ReadHtmlCacheBehavior [ RunTime:0.000494s ]
INFO: [ app_begin ] --END-- [ RunTime:0.000562s ]
INFO: [ app_end ] --START--
INFO: Run Behavior\ShowPageTraceBehavior [ RunTime:0.000581s ]
INFO: [ app_end ] --END-- [ RunTime:0.000678s ]

[ 2016-08-18T09:32:17+08:00 ] 127.0.0.1 /jf/admin.php/Login/index.html
INFO: [ app_init ] --START--
INFO: Run Behavior\BuildLiteBehavior [ RunTime:0.000058s ]
INFO: [ app_init ] --END-- [ RunTime:0.000701s ]
INFO: [ app_begin ] --START--
INFO: Run Behavior\ReadHtmlCacheBehavior [ RunTime:0.000543s ]
INFO: [ app_begin ] --END-- [ RunTime:0.000605s ]

[ 2016-08-18T09:32:17+08:00 ] 127.0.0.1 /jf/admin.php/Login/verify.html?0.7376582080207321
INFO: [ app_init ] --START--
INFO: Run Behavior\BuildLiteBehavior [ RunTime:0.000015s ]
INFO: [ app_init ] --END-- [ RunTime:0.000385s ]
INFO: [ app_begin ] --START--
INFO: Run Behavior\ReadHtmlCacheBehavior [ RunTime:0.000474s ]
INFO: [ app_begin ] --END-- [ RunTime:0.000536s ]
INFO: [ app_end ] --START--
INFO: Run Behavior\ShowPageTraceBehavior [ RunTime:0.000600s ]
INFO: [ app_end ] --END-- [ RunTime:0.000689s ]

[ 2016-08-18T09:32:24+08:00 ] 127.0.0.1 /jf/admin.php/Login/index.html
INFO: [ app_init ] --START--
INFO: Run Behavior\BuildLiteBehavior [ RunTime:0.000031s ]
INFO: [ app_init ] --END-- [ RunTime:0.000792s ]
INFO: [ app_begin ] --START--
INFO: Run Behavior\ReadHtmlCacheBehavior [ RunTime:0.001021s ]
INFO: [ app_begin ] --END-- [ RunTime:0.001139s ]
SQL: SHOW COLUMNS FROM `bz_admin` [ RunTime:0.0026s ]
SQL: SELECT * FROM `bz_admin` WHERE `username` = 'admin' AND `password` = '14e1b600b1fd579f47433b88e8d85291' AND `status` = 1 LIMIT 1   [ RunTime:0.0003s ]
SQL: UPDATE `bz_admin` SET `username`='admin',`password`='14e1b600b1fd579f47433b88e8d85291',`phone`='18935157003',`last_login_time`='1471483944',`last_login_ip`='127.0.0.1',`status`='1',`group_id`='3' WHERE `uid` = 2 [ RunTime:0.0041s ]

[ 2016-08-18T09:32:24+08:00 ] 127.0.0.1 /jf/admin.php/Index/index.html
INFO: [ app_init ] --START--
INFO: Run Behavior\BuildLiteBehavior [ RunTime:0.000016s ]
INFO: [ app_init ] --END-- [ RunTime:0.000402s ]
INFO: [ app_begin ] --START--
INFO: Run Behavior\ReadHtmlCacheBehavior [ RunTime:0.000485s ]
INFO: [ app_begin ] --END-- [ RunTime:0.000547s ]
SQL: SHOW COLUMNS FROM `bz_model` [ RunTime:0.0022s ]
SQL: SELECT * FROM `bz_model` WHERE `status` = 1  [ RunTime:0.0003s ]
SQL: SHOW COLUMNS FROM `bz_onepage` [ RunTime:0.0022s ]
SQL: SELECT COUNT(*) AS tp_count FROM `bz_onepage` LIMIT 1   [ RunTime:0.0002s ]
SQL: SHOW COLUMNS FROM `bz_doc_article` [ RunTime:0.0021s ]
SQL: SELECT COUNT(*) AS tp_count FROM `bz_doc_article` LIMIT 1   [ RunTime:0.0002s ]
SQL: SHOW COLUMNS FROM `bz_doc_product` [ RunTime:0.0025s ]
SQL: SELECT COUNT(*) AS tp_count FROM `bz_doc_product` LIMIT 1   [ RunTime:0.0001s ]
SQL: SHOW COLUMNS FROM `bz_order` [ RunTime:0.0020s ]
SQL: SELECT COUNT(*) AS tp_count FROM `bz_order` WHERE `status` = 0 LIMIT 1   [ RunTime:0.0002s ]
INFO: [ view_parse ] --START--
INFO: [ template_filter ] --START--
INFO: Run Behavior\ContentReplaceBehavior [ RunTime:0.000078s ]
INFO: [ template_filter ] --END-- [ RunTime:0.000140s ]
SQL: SHOW COLUMNS FROM `bz_admin` [ RunTime:0.0024s ]
SQL: SELECT `uid`,`group_id`,`title`,`rules` FROM bz_admin a INNER JOIN bz_auth_group g on a.group_id=g.id  WHERE ( a.uid='2' and g.status='1' )  [ RunTime:0.0002s ]
SQL: SHOW COLUMNS FROM `bz_auth_rule` [ RunTime:0.0020s ]
SQL: SELECT `condition`,`name` FROM `bz_auth_rule` WHERE `id` IN ('1','2','4','5','6','7','8','24') AND `type` = 1  [ RunTime:0.0002s ]
INFO: Run Behavior\ParseTemplateBehavior [ RunTime:0.031689s ]
INFO: [ view_parse ] --END-- [ RunTime:0.031749s ]
INFO: [ view_filter ] --START--
INFO: Run Behavior\WriteHtmlCacheBehavior [ RunTime:0.000378s ]
INFO: [ view_filter ] --END-- [ RunTime:0.000430s ]
INFO: [ app_end ] --START--
INFO: Run Behavior\ShowPageTraceBehavior [ RunTime:0.000506s ]
INFO: [ app_end ] --END-- [ RunTime:0.000559s ]

[ 2016-08-18T09:32:29+08:00 ] 127.0.0.1 /jf/admin.php/Document/index/mid/2.html
INFO: [ app_init ] --START--
INFO: Run Behavior\BuildLiteBehavior [ RunTime:0.000030s ]
INFO: [ app_init ] --END-- [ RunTime:0.000710s ]
INFO: [ app_begin ] --START--
INFO: Run Behavior\ReadHtmlCacheBehavior [ RunTime:0.000683s ]
INFO: [ app_begin ] --END-- [ RunTime:0.000764s ]
SQL: SHOW COLUMNS FROM `bz_admin` [ RunTime:0.0026s ]
SQL: SELECT `uid`,`group_id`,`title`,`rules` FROM bz_admin a INNER JOIN bz_auth_group g on a.group_id=g.id  WHERE ( a.uid='2' and g.status='1' )  [ RunTime:0.0003s ]
SQL: SHOW COLUMNS FROM `bz_auth_rule` [ RunTime:0.0023s ]
SQL: SELECT `condition`,`name` FROM `bz_auth_rule` WHERE `id` IN ('1','2','4','5','6','7','8','24') AND `type` = 1  [ RunTime:0.0003s ]
INFO: [ view_parse ] --START--
INFO: [ template_filter ] --START--
INFO: Run Behavior\ContentReplaceBehavior [ RunTime:0.000054s ]
INFO: [ template_filter ] --END-- [ RunTime:0.000122s ]
INFO: Run Behavior\ParseTemplateBehavior [ RunTime:0.007292s ]
INFO: [ view_parse ] --END-- [ RunTime:0.007376s ]
INFO: [ view_filter ] --START--
INFO: Run Behavior\WriteHtmlCacheBehavior [ RunTime:0.000364s ]
INFO: [ view_filter ] --END-- [ RunTime:0.000431s ]

[ 2016-08-18T09:32:52+08:00 ] 127.0.0.1 /jf/admin.php/Login/logout.html
INFO: [ app_init ] --START--
INFO: Run Behavior\BuildLiteBehavior [ RunTime:0.000023s ]
INFO: [ app_init ] --END-- [ RunTime:0.000651s ]
INFO: [ app_begin ] --START--
INFO: Run Behavior\ReadHtmlCacheBehavior [ RunTime:0.000895s ]
INFO: [ app_begin ] --END-- [ RunTime:0.000984s ]

[ 2016-08-18T09:32:53+08:00 ] 127.0.0.1 /jf/admin.php/Login/index.html
INFO: [ app_init ] --START--
INFO: Run Behavior\BuildLiteBehavior [ RunTime:0.000028s ]
INFO: [ app_init ] --END-- [ RunTime:0.000720s ]
INFO: [ app_begin ] --START--
INFO: Run Behavior\ReadHtmlCacheBehavior [ RunTime:0.000925s ]
INFO: [ app_begin ] --END-- [ RunTime:0.001045s ]
INFO: [ view_parse ] --START--
INFO: [ template_filter ] --START--
INFO: Run Behavior\ContentReplaceBehavior [ RunTime:0.000063s ]
INFO: [ template_filter ] --END-- [ RunTime:0.000132s ]
INFO: Run Behavior\ParseTemplateBehavior [ RunTime:0.006380s ]
INFO: [ view_parse ] --END-- [ RunTime:0.006444s ]
INFO: [ view_filter ] --START--
INFO: Run Behavior\WriteHtmlCacheBehavior [ RunTime:0.000502s ]
INFO: [ view_filter ] --END-- [ RunTime:0.000558s ]
INFO: [ app_end ] --START--
INFO: Run Behavior\ShowPageTraceBehavior [ RunTime:0.000576s ]
INFO: [ app_end ] --END-- [ RunTime:0.000635s ]

[ 2016-08-18T09:32:53+08:00 ] 127.0.0.1 /jf/admin.php/Login/verify.html
INFO: [ app_init ] --START--
INFO: Run Behavior\BuildLiteBehavior [ RunTime:0.000016s ]
INFO: [ app_init ] --END-- [ RunTime:0.000395s ]
INFO: [ app_begin ] --START--
INFO: Run Behavior\ReadHtmlCacheBehavior [ RunTime:0.000440s ]
INFO: [ app_begin ] --END-- [ RunTime:0.000500s ]
INFO: [ app_end ] --START--
INFO: Run Behavior\ShowPageTraceBehavior [ RunTime:0.000565s ]
INFO: [ app_end ] --END-- [ RunTime:0.000659s ]

[ 2016-08-18T09:33:06+08:00 ] 127.0.0.1 /jf/admin.php/Login/index.html
INFO: [ app_init ] --START--
INFO: Run Behavior\BuildLiteBehavior [ RunTime:0.000025s ]
INFO: [ app_init ] --END-- [ RunTime:0.000532s ]
INFO: [ app_begin ] --START--
INFO: Run Behavior\ReadHtmlCacheBehavior [ RunTime:0.000711s ]
INFO: [ app_begin ] --END-- [ RunTime:0.000798s ]
SQL: SHOW COLUMNS FROM `bz_admin` [ RunTime:0.0021s ]
SQL: SELECT * FROM `bz_admin` WHERE `username` = 'super' AND `password` = '14e1b600b1fd579f47433b88e8d85291' AND `status` = 1 LIMIT 1   [ RunTime:0.0003s ]
SQL: UPDATE `bz_admin` SET `username`='super',`password`='14e1b600b1fd579f47433b88e8d85291',`phone`='18137814633',`last_login_time`='1471483986',`last_login_ip`='127.0.0.1',`status`='1',`group_id`='0' WHERE `uid` = 1 [ RunTime:0.0027s ]

[ 2016-08-18T09:33:06+08:00 ] 127.0.0.1 /jf/admin.php/Index/index.html
INFO: [ app_init ] --START--
INFO: Run Behavior\BuildLiteBehavior [ RunTime:0.000015s ]
INFO: [ app_init ] --END-- [ RunTime:0.000397s ]
INFO: [ app_begin ] --START--
INFO: Run Behavior\ReadHtmlCacheBehavior [ RunTime:0.000522s ]
INFO: [ app_begin ] --END-- [ RunTime:0.000587s ]
SQL: SHOW COLUMNS FROM `bz_model` [ RunTime:0.0021s ]
SQL: SELECT * FROM `bz_model` WHERE `status` = 1  [ RunTime:0.0003s ]
SQL: SHOW COLUMNS FROM `bz_onepage` [ RunTime:0.0020s ]
SQL: SELECT COUNT(*) AS tp_count FROM `bz_onepage` LIMIT 1   [ RunTime:0.0002s ]
SQL: SHOW COLUMNS FROM `bz_doc_article` [ RunTime:0.0020s ]
SQL: SELECT COUNT(*) AS tp_count FROM `bz_doc_article` LIMIT 1   [ RunTime:0.0001s ]
SQL: SHOW COLUMNS FROM `bz_doc_product` [ RunTime:0.0021s ]
SQL: SELECT COUNT(*) AS tp_count FROM `bz_doc_product` LIMIT 1   [ RunTime:0.0001s ]
SQL: SHOW COLUMNS FROM `bz_order` [ RunTime:0.0021s ]
SQL: SELECT COUNT(*) AS tp_count FROM `bz_order` WHERE `status` = 0 LIMIT 1   [ RunTime:0.0002s ]
INFO: [ view_parse ] --START--
INFO: [ template_filter ] --START--
INFO: Run Behavior\ContentReplaceBehavior [ RunTime:0.000064s ]
INFO: [ template_filter ] --END-- [ RunTime:0.000122s ]
INFO: Run Behavior\ParseTemplateBehavior [ RunTime:0.009554s ]
INFO: [ view_parse ] --END-- [ RunTime:0.009622s ]
INFO: [ view_filter ] --START--
INFO: Run Behavior\WriteHtmlCacheBehavior [ RunTime:0.000289s ]
INFO: [ view_filter ] --END-- [ RunTime:0.000341s ]
INFO: [ app_end ] --START--
INFO: Run Behavior\ShowPageTraceBehavior [ RunTime:0.000558s ]
INFO: [ app_end ] --END-- [ RunTime:0.000611s ]

[ 2016-08-18T09:33:08+08:00 ] 127.0.0.1 /jf/admin.php/Document/index/mid/2.html
INFO: [ app_init ] --START--
INFO: Run Behavior\BuildLiteBehavior [ RunTime:0.000020s ]
INFO: [ app_init ] --END-- [ RunTime:0.000513s ]
INFO: [ app_begin ] --START--
INFO: Run Behavior\ReadHtmlCacheBehavior [ RunTime:0.000644s ]
INFO: [ app_begin ] --END-- [ RunTime:0.000726s ]
SQL: SHOW COLUMNS FROM `bz_model` [ RunTime:0.0028s ]
SQL: SELECT * FROM `bz_model` WHERE `status` = 1  [ RunTime:0.0003s ]
SQL: SELECT * FROM `bz_model` WHERE `id` = 2 LIMIT 1   [ RunTime:0.0002s ]
SQL: SHOW COLUMNS FROM `bz_doc_product` [ RunTime:0.0027s ]
NOTIC: [8] Undefined variable: map D:\Git\phpdemo\jf\Admin\Controller\DocumentController.class.php 第 19 行.
SQL: SELECT COUNT(*) AS tp_count FROM `bz_doc_product` LIMIT 1   [ RunTime:0.0002s ]
SQL: SHOW COLUMNS FROM `bz_category` [ RunTime:0.0026s ]
SQL: SELECT * FROM `bz_category` WHERE `mid` = 2  [ RunTime:0.0003s ]
NOTIC: [8] Undefined variable: map D:\Git\phpdemo\jf\Admin\Controller\DocumentController.class.php 第 26 行.
SQL: SELECT * FROM `bz_doc_product` ORDER BY id desc LIMIT 0,12   [ RunTime:0.0014s ]
INFO: [ view_parse ] --START--
INFO: [ template_filter ] --START--
INFO: Run Behavior\ContentReplaceBehavior [ RunTime:0.000104s ]
INFO: [ template_filter ] --END-- [ RunTime:0.000183s ]
SQL: SELECT * FROM `bz_model` WHERE `id` = 2 LIMIT 1   [ RunTime:0.0003s ]
SQL: SELECT * FROM `bz_model` WHERE `id` = 2 LIMIT 1   [ RunTime:0.0002s ]
SQL: SELECT * FROM `bz_category` WHERE `id` = 6 LIMIT 1   [ RunTime:0.0002s ]
SQL: SHOW COLUMNS FROM `bz_uploads` [ RunTime:0.0025s ]
SQL: SELECT * FROM `bz_uploads` WHERE `id` = 42 LIMIT 1   [ RunTime:0.0002s ]
NOTIC: [8] Undefined index: time D:\Git\phpdemo\jf\Runtime\Cache\Admin\ffdcd16cc6d12599046e7c36d644ca47.php 第 110 行.
SQL: SELECT * FROM `bz_category` WHERE `id` = 6 LIMIT 1   [ RunTime:0.0002s ]
SQL: SELECT * FROM `bz_uploads` WHERE `id` = 41 LIMIT 1   [ RunTime:0.0002s ]
NOTIC: [8] Undefined index: time D:\Git\phpdemo\jf\Runtime\Cache\Admin\ffdcd16cc6d12599046e7c36d644ca47.php 第 110 行.
SQL: SELECT * FROM `bz_category` WHERE `id` = 6 LIMIT 1   [ RunTime:0.0002s ]
SQL: SELECT * FROM `bz_uploads` WHERE `id` = 40 LIMIT 1   [ RunTime:0.0002s ]
NOTIC: [8] Undefined index: time D:\Git\phpdemo\jf\Runtime\Cache\Admin\ffdcd16cc6d12599046e7c36d644ca47.php 第 110 行.
SQL: SELECT * FROM `bz_category` WHERE `id` = 6 LIMIT 1   [ RunTime:0.0002s ]
SQL: SELECT * FROM `bz_uploads` WHERE `id` = 39 LIMIT 1   [ RunTime:0.0002s ]
NOTIC: [8] Undefined index: time D:\Git\phpdemo\jf\Runtime\Cache\Admin\ffdcd16cc6d12599046e7c36d644ca47.php 第 110 行.
SQL: SELECT * FROM `bz_category` WHERE `id` = 5 LIMIT 1   [ RunTime:0.0002s ]
SQL: SELECT * FROM `bz_uploads` WHERE `id` = 38 LIMIT 1   [ RunTime:0.0002s ]
NOTIC: [8] Undefined index: time D:\Git\phpdemo\jf\Runtime\Cache\Admin\ffdcd16cc6d12599046e7c36d644ca47.php 第 110 行.
SQL: SELECT * FROM `bz_category` WHERE `id` = 5 LIMIT 1   [ RunTime:0.0002s ]
SQL: SELECT * FROM `bz_uploads` WHERE `id` = 37 LIMIT 1   [ RunTime:0.0002s ]
NOTIC: [8] Undefined index: time D:\Git\phpdemo\jf\Runtime\Cache\Admin\ffdcd16cc6d12599046e7c36d644ca47.php 第 110 行.
SQL: SELECT * FROM `bz_category` WHERE `id` = 5 LIMIT 1   [ RunTime:0.0002s ]
SQL: SELECT * FROM `bz_uploads` WHERE `id` = 36 LIMIT 1   [ RunTime:0.0002s ]
NOTIC: [8] Undefined index: time D:\Git\phpdemo\jf\Runtime\Cache\Admin\ffdcd16cc6d12599046e7c36d644ca47.php 第 110 行.
SQL: SELECT * FROM `bz_category` WHERE `id` = 5 LIMIT 1   [ RunTime:0.0002s ]
SQL: SELECT * FROM `bz_uploads` WHERE `id` = 35 LIMIT 1   [ RunTime:0.0002s ]
NOTIC: [8] Undefined index: time D:\Git\phpdemo\jf\Runtime\Cache\Admin\ffdcd16cc6d12599046e7c36d644ca47.php 第 110 行.
SQL: SELECT * FROM `bz_category` WHERE `id` = 5 LIMIT 1   [ RunTime:0.0002s ]
SQL: SELECT * FROM `bz_uploads` WHERE `id` = 34 LIMIT 1   [ RunTime:0.0002s ]
NOTIC: [8] Undefined index: time D:\Git\phpdemo\jf\Runtime\Cache\Admin\ffdcd16cc6d12599046e7c36d644ca47.php 第 110 行.
SQL: SELECT * FROM `bz_category` WHERE `id` = 4 LIMIT 1   [ RunTime:0.0002s ]
SQL: SELECT * FROM `bz_uploads` WHERE `id` = 33 LIMIT 1   [ RunTime:0.0002s ]
NOTIC: [8] Undefined index: time D:\Git\phpdemo\jf\Runtime\Cache\Admin\ffdcd16cc6d12599046e7c36d644ca47.php 第 110 行.
SQL: SELECT * FROM `bz_category` WHERE `id` = 4 LIMIT 1   [ RunTime:0.0002s ]
SQL: SELECT * FROM `bz_uploads` WHERE `id` = 32 LIMIT 1   [ RunTime:0.0002s ]
NOTIC: [8] Undefined index: time D:\Git\phpdemo\jf\Runtime\Cache\Admin\ffdcd16cc6d12599046e7c36d644ca47.php 第 110 行.
SQL: SELECT * FROM `bz_category` WHERE `id` = 4 LIMIT 1   [ RunTime:0.0002s ]
SQL: SELECT * FROM `bz_uploads` WHERE `id` = 31 LIMIT 1   [ RunTime:0.0002s ]
NOTIC: [8] Undefined index: time D:\Git\phpdemo\jf\Runtime\Cache\Admin\ffdcd16cc6d12599046e7c36d644ca47.php 第 110 行.
INFO: Run Behavior\ParseTemplateBehavior [ RunTime:0.039097s ]
INFO: [ view_parse ] --END-- [ RunTime:0.039173s ]
INFO: [ view_filter ] --START--
INFO: Run Behavior\WriteHtmlCacheBehavior [ RunTime:0.000358s ]
INFO: [ view_filter ] --END-- [ RunTime:0.000429s ]
INFO: [ app_end ] --START--
INFO: Run Behavior\ShowPageTraceBehavior [ RunTime:0.000644s ]
INFO: [ app_end ] --END-- [ RunTime:0.000719s ]

[ 2016-08-18T09:33:15+08:00 ] 127.0.0.1 /jf/admin.php/Document/index/mid/2.html
INFO: [ app_init ] --START--
INFO: Run Behavior\BuildLiteBehavior [ RunTime:0.000017s ]
INFO: [ app_init ] --END-- [ RunTime:0.000466s ]
INFO: [ app_begin ] --START--
INFO: Run Behavior\ReadHtmlCacheBehavior [ RunTime:0.000614s ]
INFO: [ app_begin ] --END-- [ RunTime:0.000682s ]
SQL: SHOW COLUMNS FROM `bz_model` [ RunTime:0.0023s ]
SQL: SELECT * FROM `bz_model` WHERE `status` = 1  [ RunTime:0.0003s ]
SQL: SELECT * FROM `bz_model` WHERE `id` = 2 LIMIT 1   [ RunTime:0.0002s ]
SQL: SHOW COLUMNS FROM `bz_doc_product` [ RunTime:0.0022s ]
NOTIC: [8] Undefined variable: map D:\Git\phpdemo\jf\Admin\Controller\DocumentController.class.php 第 19 行.
SQL: SELECT COUNT(*) AS tp_count FROM `bz_doc_product` LIMIT 1   [ RunTime:0.0001s ]
SQL: SHOW COLUMNS FROM `bz_category` [ RunTime:0.0021s ]
SQL: SELECT * FROM `bz_category` WHERE `mid` = 2  [ RunTime:0.0003s ]
NOTIC: [8] Undefined variable: map D:\Git\phpdemo\jf\Admin\Controller\DocumentController.class.php 第 26 行.
SQL: SELECT * FROM `bz_doc_product` ORDER BY id desc LIMIT 0,12   [ RunTime:0.0011s ]
INFO: [ view_parse ] --START--
INFO: [ template_filter ] --START--
INFO: Run Behavior\ContentReplaceBehavior [ RunTime:0.000086s ]
INFO: [ template_filter ] --END-- [ RunTime:0.000153s ]
SQL: SELECT * FROM `bz_model` WHERE `id` = 2 LIMIT 1   [ RunTime:0.0003s ]
SQL: SELECT * FROM `bz_model` WHERE `id` = 2 LIMIT 1   [ RunTime:0.0002s ]
SQL: SELECT * FROM `bz_category` WHERE `id` = 6 LIMIT 1   [ RunTime:0.0002s ]
SQL: SHOW COLUMNS FROM `bz_uploads` [ RunTime:0.0021s ]
SQL: SELECT * FROM `bz_uploads` WHERE `id` = 42 LIMIT 1   [ RunTime:0.0002s ]
NOTIC: [8] Undefined index: time D:\Git\phpdemo\jf\Runtime\Cache\Admin\ffdcd16cc6d12599046e7c36d644ca47.php 第 110 行.
SQL: SELECT * FROM `bz_category` WHERE `id` = 6 LIMIT 1   [ RunTime:0.0002s ]
SQL: SELECT * FROM `bz_uploads` WHERE `id` = 41 LIMIT 1   [ RunTime:0.0002s ]
NOTIC: [8] Undefined index: time D:\Git\phpdemo\jf\Runtime\Cache\Admin\ffdcd16cc6d12599046e7c36d644ca47.php 第 110 行.
SQL: SELECT * FROM `bz_category` WHERE `id` = 6 LIMIT 1   [ RunTime:0.0002s ]
SQL: SELECT * FROM `bz_uploads` WHERE `id` = 40 LIMIT 1   [ RunTime:0.0002s ]
NOTIC: [8] Undefined index: time D:\Git\phpdemo\jf\Runtime\Cache\Admin\ffdcd16cc6d12599046e7c36d644ca47.php 第 110 行.
SQL: SELECT * FROM `bz_category` WHERE `id` = 6 LIMIT 1   [ RunTime:0.0002s ]
SQL: SELECT * FROM `bz_uploads` WHERE `id` = 39 LIMIT 1   [ RunTime:0.0002s ]
NOTIC: [8] Undefined index: time D:\Git\phpdemo\jf\Runtime\Cache\Admin\ffdcd16cc6d12599046e7c36d644ca47.php 第 110 行.
SQL: SELECT * FROM `bz_category` WHERE `id` = 5 LIMIT 1   [ RunTime:0.0002s ]
SQL: SELECT * FROM `bz_uploads` WHERE `id` = 38 LIMIT 1   [ RunTime:0.0001s ]
NOTIC: [8] Undefined index: time D:\Git\phpdemo\jf\Runtime\Cache\Admin\ffdcd16cc6d12599046e7c36d644ca47.php 第 110 行.
SQL: SELECT * FROM `bz_category` WHERE `id` = 5 LIMIT 1   [ RunTime:0.0002s ]
SQL: SELECT * FROM `bz_uploads` WHERE `id` = 37 LIMIT 1   [ RunTime:0.0002s ]
NOTIC: [8] Undefined index: time D:\Git\phpdemo\jf\Runtime\Cache\Admin\ffdcd16cc6d12599046e7c36d644ca47.php 第 110 行.
SQL: SELECT * FROM `bz_category` WHERE `id` = 5 LIMIT 1   [ RunTime:0.0002s ]
SQL: SELECT * FROM `bz_uploads` WHERE `id` = 36 LIMIT 1   [ RunTime:0.0001s ]
NOTIC: [8] Undefined index: time D:\Git\phpdemo\jf\Runtime\Cache\Admin\ffdcd16cc6d12599046e7c36d644ca47.php 第 110 行.
SQL: SELECT * FROM `bz_category` WHERE `id` = 5 LIMIT 1   [ RunTime:0.0002s ]
SQL: SELECT * FROM `bz_uploads` WHERE `id` = 35 LIMIT 1   [ RunTime:0.0001s ]
NOTIC: [8] Undefined index: time D:\Git\phpdemo\jf\Runtime\Cache\Admin\ffdcd16cc6d12599046e7c36d644ca47.php 第 110 行.
SQL: SELECT * FROM `bz_category` WHERE `id` = 5 LIMIT 1   [ RunTime:0.0002s ]
SQL: SELECT * FROM `bz_uploads` WHERE `id` = 34 LIMIT 1   [ RunTime:0.0001s ]
NOTIC: [8] Undefined index: time D:\Git\phpdemo\jf\Runtime\Cache\Admin\ffdcd16cc6d12599046e7c36d644ca47.php 第 110 行.
SQL: SELECT * FROM `bz_category` WHERE `id` = 4 LIMIT 1   [ RunTime:0.0002s ]
SQL: SELECT * FROM `bz_uploads` WHERE `id` = 33 LIMIT 1   [ RunTime:0.0002s ]
NOTIC: [8] Undefined index: time D:\Git\phpdemo\jf\Runtime\Cache\Admin\ffdcd16cc6d12599046e7c36d644ca47.php 第 110 行.
SQL: SELECT * FROM `bz_category` WHERE `id` = 4 LIMIT 1   [ RunTime:0.0002s ]
SQL: SELECT * FROM `bz_uploads` WHERE `id` = 32 LIMIT 1   [ RunTime:0.0001s ]
NOTIC: [8] Undefined index: time D:\Git\phpdemo\jf\Runtime\Cache\Admin\ffdcd16cc6d12599046e7c36d644ca47.php 第 110 行.
SQL: SELECT * FROM `bz_category` WHERE `id` = 4 LIMIT 1   [ RunTime:0.0002s ]
SQL: SELECT * FROM `bz_uploads` WHERE `id` = 31 LIMIT 1   [ RunTime:0.0001s ]
NOTIC: [8] Undefined index: time D:\Git\phpdemo\jf\Runtime\Cache\Admin\ffdcd16cc6d12599046e7c36d644ca47.php 第 110 行.
INFO: Run Behavior\ParseTemplateBehavior [ RunTime:0.030387s ]
INFO: [ view_parse ] --END-- [ RunTime:0.030448s ]
INFO: [ view_filter ] --START--
INFO: Run Behavior\WriteHtmlCacheBehavior [ RunTime:0.000338s ]
INFO: [ view_filter ] --END-- [ RunTime:0.000393s ]
INFO: [ app_end ] --START--
INFO: Run Behavior\ShowPageTraceBehavior [ RunTime:0.000491s ]
INFO: [ app_end ] --END-- [ RunTime:0.000548s ]

[ 2016-08-18T09:33:16+08:00 ] 127.0.0.1 /jf/admin.php/Document/index/mid/2.html
INFO: [ app_init ] --START--
INFO: Run Behavior\BuildLiteBehavior [ RunTime:0.000016s ]
INFO: [ app_init ] --END-- [ RunTime:0.000341s ]
INFO: [ app_begin ] --START--
INFO: Run Behavior\ReadHtmlCacheBehavior [ RunTime:0.000483s ]
INFO: [ app_begin ] --END-- [ RunTime:0.000545s ]
SQL: SHOW COLUMNS FROM `bz_model` [ RunTime:0.0023s ]
SQL: SELECT * FROM `bz_model` WHERE `status` = 1  [ RunTime:0.0002s ]
SQL: SELECT * FROM `bz_model` WHERE `id` = 2 LIMIT 1   [ RunTime:0.0002s ]
SQL: SHOW COLUMNS FROM `bz_doc_product` [ RunTime:0.0022s ]
NOTIC: [8] Undefined variable: map D:\Git\phpdemo\jf\Admin\Controller\DocumentController.class.php 第 19 行.
SQL: SELECT COUNT(*) AS tp_count FROM `bz_doc_product` LIMIT 1   [ RunTime:0.0001s ]
SQL: SHOW COLUMNS FROM `bz_category` [ RunTime:0.0022s ]
SQL: SELECT * FROM `bz_category` WHERE `mid` = 2  [ RunTime:0.0003s ]
NOTIC: [8] Undefined variable: map D:\Git\phpdemo\jf\Admin\Controller\DocumentController.class.php 第 26 行.
SQL: SELECT * FROM `bz_doc_product` ORDER BY id desc LIMIT 0,12   [ RunTime:0.0011s ]
INFO: [ view_parse ] --START--
INFO: [ template_filter ] --START--
INFO: Run Behavior\ContentReplaceBehavior [ RunTime:0.000080s ]
INFO: [ template_filter ] --END-- [ RunTime:0.000143s ]
SQL: SELECT * FROM `bz_model` WHERE `id` = 2 LIMIT 1   [ RunTime:0.0003s ]
SQL: SELECT * FROM `bz_model` WHERE `id` = 2 LIMIT 1   [ RunTime:0.0002s ]
SQL: SELECT * FROM `bz_category` WHERE `id` = 6 LIMIT 1   [ RunTime:0.0003s ]
SQL: SHOW COLUMNS FROM `bz_uploads` [ RunTime:0.0023s ]
SQL: SELECT * FROM `bz_uploads` WHERE `id` = 42 LIMIT 1   [ RunTime:0.0003s ]
NOTIC: [8] Undefined index: time D:\Git\phpdemo\jf\Runtime\Cache\Admin\ffdcd16cc6d12599046e7c36d644ca47.php 第 110 行.
SQL: SELECT * FROM `bz_category` WHERE `id` = 6 LIMIT 1   [ RunTime:0.0002s ]
SQL: SELECT * FROM `bz_uploads` WHERE `id` = 41 LIMIT 1   [ RunTime:0.0001s ]
NOTIC: [8] Undefined index: time D:\Git\phpdemo\jf\Runtime\Cache\Admin\ffdcd16cc6d12599046e7c36d644ca47.php 第 110 行.
SQL: SELECT * FROM `bz_category` WHERE `id` = 6 LIMIT 1   [ RunTime:0.0001s ]
SQL: SELECT * FROM `bz_uploads` WHERE `id` = 40 LIMIT 1   [ RunTime:0.0001s ]
NOTIC: [8] Undefined index: time D:\Git\phpdemo\jf\Runtime\Cache\Admin\ffdcd16cc6d12599046e7c36d644ca47.php 第 110 行.
SQL: SELECT * FROM `bz_category` WHERE `id` = 6 LIMIT 1   [ RunTime:0.0001s ]
SQL: SELECT * FROM `bz_uploads` WHERE `id` = 39 LIMIT 1   [ RunTime:0.0001s ]
NOTIC: [8] Undefined index: time D:\Git\phpdemo\jf\Runtime\Cache\Admin\ffdcd16cc6d12599046e7c36d644ca47.php 第 110 行.
SQL: SELECT * FROM `bz_category` WHERE `id` = 5 LIMIT 1   [ RunTime:0.0001s ]
SQL: SELECT * FROM `bz_uploads` WHERE `id` = 38 LIMIT 1   [ RunTime:0.0001s ]
NOTIC: [8] Undefined index: time D:\Git\phpdemo\jf\Runtime\Cache\Admin\ffdcd16cc6d12599046e7c36d644ca47.php 第 110 行.
SQL: SELECT * FROM `bz_category` WHERE `id` = 5 LIMIT 1   [ RunTime:0.0001s ]
SQL: SELECT * FROM `bz_uploads` WHERE `id` = 37 LIMIT 1   [ RunTime:0.0001s ]
NOTIC: [8] Undefined index: time D:\Git\phpdemo\jf\Runtime\Cache\Admin\ffdcd16cc6d12599046e7c36d644ca47.php 第 110 行.
SQL: SELECT * FROM `bz_category` WHERE `id` = 5 LIMIT 1   [ RunTime:0.0002s ]
SQL: SELECT * FROM `bz_uploads` WHERE `id` = 36 LIMIT 1   [ RunTime:0.0001s ]
NOTIC: [8] Undefined index: time D:\Git\phpdemo\jf\Runtime\Cache\Admin\ffdcd16cc6d12599046e7c36d644ca47.php 第 110 行.
SQL: SELECT * FROM `bz_category` WHERE `id` = 5 LIMIT 1   [ RunTime:0.0001s ]
SQL: SELECT * FROM `bz_uploads` WHERE `id` = 35 LIMIT 1   [ RunTime:0.0001s ]
NOTIC: [8] Undefined index: time D:\Git\phpdemo\jf\Runtime\Cache\Admin\ffdcd16cc6d12599046e7c36d644ca47.php 第 110 行.
SQL: SELECT * FROM `bz_category` WHERE `id` = 5 LIMIT 1   [ RunTime:0.0001s ]
SQL: SELECT * FROM `bz_uploads` WHERE `id` = 34 LIMIT 1   [ RunTime:0.0001s ]
NOTIC: [8] Undefined index: time D:\Git\phpdemo\jf\Runtime\Cache\Admin\ffdcd16cc6d12599046e7c36d644ca47.php 第 110 行.
SQL: SELECT * FROM `bz_category` WHERE `id` = 4 LIMIT 1   [ RunTime:0.0002s ]
SQL: SELECT * FROM `bz_uploads` WHERE `id` = 33 LIMIT 1   [ RunTime:0.0001s ]
NOTIC: [8] Undefined index: time D:\Git\phpdemo\jf\Runtime\Cache\Admin\ffdcd16cc6d12599046e7c36d644ca47.php 第 110 行.
SQL: SELECT * FROM `bz_category` WHERE `id` = 4 LIMIT 1   [ RunTime:0.0001s ]
SQL: SELECT * FROM `bz_uploads` WHERE `id` = 32 LIMIT 1   [ RunTime:0.0001s ]
NOTIC: [8] Undefined index: time D:\Git\phpdemo\jf\Runtime\Cache\Admin\ffdcd16cc6d12599046e7c36d644ca47.php 第 110 行.
SQL: SELECT * FROM `bz_category` WHERE `id` = 4 LIMIT 1   [ RunTime:0.0001s ]
SQL: SELECT * FROM `bz_uploads` WHERE `id` = 31 LIMIT 1   [ RunTime:0.0001s ]
NOTIC: [8] Undefined index: time D:\Git\phpdemo\jf\Runtime\Cache\Admin\ffdcd16cc6d12599046e7c36d644ca47.php 第 110 行.
INFO: Run Behavior\ParseTemplateBehavior [ RunTime:0.029121s ]
INFO: [ view_parse ] --END-- [ RunTime:0.029179s ]
INFO: [ view_filter ] --START--
INFO: Run Behavior\WriteHtmlCacheBehavior [ RunTime:0.000295s ]
INFO: [ view_filter ] --END-- [ RunTime:0.000346s ]
INFO: [ app_end ] --START--
INFO: Run Behavior\ShowPageTraceBehavior [ RunTime:0.000463s ]
INFO: [ app_end ] --END-- [ RunTime:0.000533s ]

[ 2016-08-18T09:33:29+08:00 ] 127.0.0.1 /jf/admin.php/Document/index/mid/2.html
INFO: [ app_init ] --START--
INFO: Run Behavior\BuildLiteBehavior [ RunTime:0.000032s ]
INFO: [ app_init ] --END-- [ RunTime:0.000816s ]
INFO: [ app_begin ] --START--
INFO: Run Behavior\ReadHtmlCacheBehavior [ RunTime:0.000522s ]
INFO: [ app_begin ] --END-- [ RunTime:0.000585s ]
SQL: SHOW COLUMNS FROM `bz_model` [ RunTime:0.0022s ]
SQL: SELECT * FROM `bz_model` WHERE `status` = 1  [ RunTime:0.0002s ]
SQL: SELECT * FROM `bz_model` WHERE `id` = 2 LIMIT 1   [ RunTime:0.0002s ]
SQL: SHOW COLUMNS FROM `bz_doc_product` [ RunTime:0.0023s ]
NOTIC: [8] Undefined variable: map D:\Git\phpdemo\jf\Admin\Controller\DocumentController.class.php 第 19 行.
SQL: SELECT COUNT(*) AS tp_count FROM `bz_doc_product` LIMIT 1   [ RunTime:0.0002s ]
SQL: SHOW COLUMNS FROM `bz_category` [ RunTime:0.0021s ]
SQL: SELECT * FROM `bz_category` WHERE `mid` = 2  [ RunTime:0.0003s ]
NOTIC: [8] Undefined variable: map D:\Git\phpdemo\jf\Admin\Controller\DocumentController.class.php 第 26 行.
SQL: SELECT * FROM `bz_doc_product` ORDER BY id desc LIMIT 0,12   [ RunTime:0.0011s ]
INFO: [ view_parse ] --START--
INFO: [ template_filter ] --START--
INFO: Run Behavior\ContentReplaceBehavior [ RunTime:0.000075s ]
INFO: [ template_filter ] --END-- [ RunTime:0.000131s ]
SQL: SELECT * FROM `bz_model` WHERE `id` = 2 LIMIT 1   [ RunTime:0.0002s ]
SQL: SELECT * FROM `bz_model` WHERE `id` = 2 LIMIT 1   [ RunTime:0.0002s ]
SQL: SELECT * FROM `bz_category` WHERE `id` = 6 LIMIT 1   [ RunTime:0.0002s ]
SQL: SHOW COLUMNS FROM `bz_uploads` [ RunTime:0.0021s ]
SQL: SELECT * FROM `bz_uploads` WHERE `id` = 42 LIMIT 1   [ RunTime:0.0001s ]
NOTIC: [8] Undefined index: time D:\Git\phpdemo\jf\Runtime\Cache\Admin\ffdcd16cc6d12599046e7c36d644ca47.php 第 110 行.
SQL: SELECT * FROM `bz_category` WHERE `id` = 6 LIMIT 1   [ RunTime:0.0002s ]
SQL: SELECT * FROM `bz_uploads` WHERE `id` = 41 LIMIT 1   [ RunTime:0.0002s ]
NOTIC: [8] Undefined index: time D:\Git\phpdemo\jf\Runtime\Cache\Admin\ffdcd16cc6d12599046e7c36d644ca47.php 第 110 行.
SQL: SELECT * FROM `bz_category` WHERE `id` = 6 LIMIT 1   [ RunTime:0.0002s ]
SQL: SELECT * FROM `bz_uploads` WHERE `id` = 40 LIMIT 1   [ RunTime:0.0001s ]
NOTIC: [8] Undefined index: time D:\Git\phpdemo\jf\Runtime\Cache\Admin\ffdcd16cc6d12599046e7c36d644ca47.php 第 110 行.
SQL: SELECT * FROM `bz_category` WHERE `id` = 6 LIMIT 1   [ RunTime:0.0002s ]
SQL: SELECT * FROM `bz_uploads` WHERE `id` = 39 LIMIT 1   [ RunTime:0.0001s ]
NOTIC: [8] Undefined index: time D:\Git\phpdemo\jf\Runtime\Cache\Admin\ffdcd16cc6d12599046e7c36d644ca47.php 第 110 行.
SQL: SELECT * FROM `bz_category` WHERE `id` = 5 LIMIT 1   [ RunTime:0.0002s ]
SQL: SELECT * FROM `bz_uploads` WHERE `id` = 38 LIMIT 1   [ RunTime:0.0002s ]
NOTIC: [8] Undefined index: time D:\Git\phpdemo\jf\Runtime\Cache\Admin\ffdcd16cc6d12599046e7c36d644ca47.php 第 110 行.
SQL: SELECT * FROM `bz_category` WHERE `id` = 5 LIMIT 1   [ RunTime:0.0002s ]
SQL: SELECT * FROM `bz_uploads` WHERE `id` = 37 LIMIT 1   [ RunTime:0.0001s ]
NOTIC: [8] Undefined index: time D:\Git\phpdemo\jf\Runtime\Cache\Admin\ffdcd16cc6d12599046e7c36d644ca47.php 第 110 行.
SQL: SELECT * FROM `bz_category` WHERE `id` = 5 LIMIT 1   [ RunTime:0.0002s ]
SQL: SELECT * FROM `bz_uploads` WHERE `id` = 36 LIMIT 1   [ RunTime:0.0001s ]
NOTIC: [8] Undefined index: time D:\Git\phpdemo\jf\Runtime\Cache\Admin\ffdcd16cc6d12599046e7c36d644ca47.php 第 110 行.
SQL: SELECT * FROM `bz_category` WHERE `id` = 5 LIMIT 1   [ RunTime:0.0002s ]
SQL: SELECT * FROM `bz_uploads` WHERE `id` = 35 LIMIT 1   [ RunTime:0.0002s ]
NOTIC: [8] Undefined index: time D:\Git\phpdemo\jf\Runtime\Cache\Admin\ffdcd16cc6d12599046e7c36d644ca47.php 第 110 行.
SQL: SELECT * FROM `bz_category` WHERE `id` = 5 LIMIT 1   [ RunTime:0.0002s ]
SQL: SELECT * FROM `bz_uploads` WHERE `id` = 34 LIMIT 1   [ RunTime:0.0001s ]
NOTIC: [8] Undefined index: time D:\Git\phpdemo\jf\Runtime\Cache\Admin\ffdcd16cc6d12599046e7c36d644ca47.php 第 110 行.
SQL: SELECT * FROM `bz_category` WHERE `id` = 4 LIMIT 1   [ RunTime:0.0002s ]
SQL: SELECT * FROM `bz_uploads` WHERE `id` = 33 LIMIT 1   [ RunTime:0.0001s ]
NOTIC: [8] Undefined index: time D:\Git\phpdemo\jf\Runtime\Cache\Admin\ffdcd16cc6d12599046e7c36d644ca47.php 第 110 行.
SQL: SELECT * FROM `bz_category` WHERE `id` = 4 LIMIT 1   [ RunTime:0.0001s ]
SQL: SELECT * FROM `bz_uploads` WHERE `id` = 32 LIMIT 1   [ RunTime:0.0001s ]
NOTIC: [8] Undefined index: time D:\Git\phpdemo\jf\Runtime\Cache\Admin\ffdcd16cc6d12599046e7c36d644ca47.php 第 110 行.
SQL: SELECT * FROM `bz_category` WHERE `id` = 4 LIMIT 1   [ RunTime:0.0001s ]
SQL: SELECT * FROM `bz_uploads` WHERE `id` = 31 LIMIT 1   [ RunTime:0.0001s ]
NOTIC: [8] Undefined index: time D:\Git\phpdemo\jf\Runtime\Cache\Admin\ffdcd16cc6d12599046e7c36d644ca47.php 第 110 行.
INFO: Run Behavior\ParseTemplateBehavior [ RunTime:0.028575s ]
INFO: [ view_parse ] --END-- [ RunTime:0.028633s ]
INFO: [ view_filter ] --START--
INFO: Run Behavior\WriteHtmlCacheBehavior [ RunTime:0.000304s ]
INFO: [ view_filter ] --END-- [ RunTime:0.000358s ]
INFO: [ app_end ] --START--
INFO: Run Behavior\ShowPageTraceBehavior [ RunTime:0.000444s ]
INFO: [ app_end ] --END-- [ RunTime:0.000501s ]

[ 2016-08-18T09:33:30+08:00 ] 127.0.0.1 /jf/admin.php/Document/index/mid/4.html
INFO: [ app_init ] --START--
INFO: Run Behavior\BuildLiteBehavior [ RunTime:0.000016s ]
INFO: [ app_init ] --END-- [ RunTime:0.000351s ]
INFO: [ app_begin ] --START--
INFO: Run Behavior\ReadHtmlCacheBehavior [ RunTime:0.000495s ]
INFO: [ app_begin ] --END-- [ RunTime:0.000556s ]
SQL: SHOW COLUMNS FROM `bz_model` [ RunTime:0.0026s ]
SQL: SELECT * FROM `bz_model` WHERE `status` = 1  [ RunTime:0.0003s ]
SQL: SELECT * FROM `bz_model` WHERE `id` = 4 LIMIT 1   [ RunTime:0.0002s ]
SQL: SHOW COLUMNS FROM `bz_doc_ad` [ RunTime:0.0021s ]
NOTIC: [8] Undefined variable: map D:\Git\phpdemo\jf\Admin\Controller\DocumentController.class.php 第 19 行.
SQL: SELECT COUNT(*) AS tp_count FROM `bz_doc_ad` LIMIT 1   [ RunTime:0.0002s ]
SQL: SHOW COLUMNS FROM `bz_category` [ RunTime:0.0022s ]
SQL: SELECT * FROM `bz_category` WHERE `mid` = 4  [ RunTime:0.0003s ]
NOTIC: [8] Undefined variable: map D:\Git\phpdemo\jf\Admin\Controller\DocumentController.class.php 第 26 行.
SQL: SELECT * FROM `bz_doc_ad` ORDER BY id desc LIMIT 0,12   [ RunTime:0.0002s ]
INFO: [ view_parse ] --START--
INFO: [ template_filter ] --START--
INFO: Run Behavior\ContentReplaceBehavior [ RunTime:0.000102s ]
INFO: [ template_filter ] --END-- [ RunTime:0.000165s ]
SQL: SELECT * FROM `bz_model` WHERE `id` = 4 LIMIT 1   [ RunTime:0.0003s ]
SQL: SELECT * FROM `bz_model` WHERE `id` = 4 LIMIT 1   [ RunTime:0.0003s ]
NOTIC: [8] Undefined index: cid D:\Git\phpdemo\jf\Runtime\Cache\Admin\ed7ee01189093be5b60f8a1d125c33b0.php 第 86 行.
NOTIC: [8] Undefined index: roll D:\Git\phpdemo\jf\Runtime\Cache\Admin\ed7ee01189093be5b60f8a1d125c33b0.php 第 98 行.
NOTIC: [8] Undefined index: roll D:\Git\phpdemo\jf\Runtime\Cache\Admin\ed7ee01189093be5b60f8a1d125c33b0.php 第 98 行.
INFO: Run Behavior\ParseTemplateBehavior [ RunTime:0.016458s ]
INFO: [ view_parse ] --END-- [ RunTime:0.016517s ]
INFO: [ view_filter ] --START--
INFO: Run Behavior\WriteHtmlCacheBehavior [ RunTime:0.000308s ]
INFO: [ view_filter ] --END-- [ RunTime:0.000360s ]
INFO: [ app_end ] --START--
INFO: Run Behavior\ShowPageTraceBehavior [ RunTime:0.000505s ]
INFO: [ app_end ] --END-- [ RunTime:0.000560s ]

[ 2016-08-18T09:33:31+08:00 ] 127.0.0.1 /jf/admin.php/Document/index/mid/3.html
INFO: [ app_init ] --START--
INFO: Run Behavior\BuildLiteBehavior [ RunTime:0.000024s ]
INFO: [ app_init ] --END-- [ RunTime:0.000622s ]
INFO: [ app_begin ] --START--
INFO: Run Behavior\ReadHtmlCacheBehavior [ RunTime:0.000636s ]
INFO: [ app_begin ] --END-- [ RunTime:0.000738s ]
SQL: SHOW COLUMNS FROM `bz_model` [ RunTime:0.0026s ]
SQL: SELECT * FROM `bz_model` WHERE `status` = 1  [ RunTime:0.0003s ]
SQL: SELECT * FROM `bz_model` WHERE `id` = 3 LIMIT 1   [ RunTime:0.0002s ]
SQL: SHOW COLUMNS FROM `bz_doc_banner` [ RunTime:0.0020s ]
NOTIC: [8] Undefined variable: map D:\Git\phpdemo\jf\Admin\Controller\DocumentController.class.php 第 19 行.
SQL: SELECT COUNT(*) AS tp_count FROM `bz_doc_banner` LIMIT 1   [ RunTime:0.0002s ]
SQL: SHOW COLUMNS FROM `bz_category` [ RunTime:0.0022s ]
SQL: SELECT * FROM `bz_category` WHERE `mid` = 3  [ RunTime:0.0003s ]
NOTIC: [8] Undefined variable: map D:\Git\phpdemo\jf\Admin\Controller\DocumentController.class.php 第 26 行.
SQL: SELECT * FROM `bz_doc_banner` ORDER BY id desc LIMIT 0,12   [ RunTime:0.0002s ]
INFO: [ view_parse ] --START--
INFO: [ template_filter ] --START--
INFO: Run Behavior\ContentReplaceBehavior [ RunTime:0.000112s ]
INFO: [ template_filter ] --END-- [ RunTime:0.000198s ]
SQL: SELECT * FROM `bz_model` WHERE `id` = 3 LIMIT 1   [ RunTime:0.0003s ]
SQL: SELECT * FROM `bz_model` WHERE `id` = 3 LIMIT 1   [ RunTime:0.0002s ]
SQL: SHOW COLUMNS FROM `bz_uploads` [ RunTime:0.0022s ]
SQL: SELECT * FROM `bz_uploads` WHERE `id` = 48 LIMIT 1   [ RunTime:0.0002s ]
NOTIC: [8] Undefined index: push D:\Git\phpdemo\jf\Runtime\Cache\Admin\73fe388d53e50671135f4801989789e9.php 第 98 行.
SQL: SELECT * FROM `bz_category` WHERE `id` = 21 LIMIT 1   [ RunTime:0.0002s ]
SQL: SELECT * FROM `bz_uploads` WHERE `id` = 49 LIMIT 1   [ RunTime:0.0002s ]
NOTIC: [8] Undefined index: push D:\Git\phpdemo\jf\Runtime\Cache\Admin\73fe388d53e50671135f4801989789e9.php 第 98 行.
SQL: SELECT * FROM `bz_category` WHERE `id` = 21 LIMIT 1   [ RunTime:0.0002s ]
SQL: SELECT * FROM `bz_uploads` WHERE `id` = 48 LIMIT 1   [ RunTime:0.0002s ]
NOTIC: [8] Undefined index: push D:\Git\phpdemo\jf\Runtime\Cache\Admin\73fe388d53e50671135f4801989789e9.php 第 98 行.
SQL: SELECT * FROM `bz_category` WHERE `id` = 21 LIMIT 1   [ RunTime:0.0002s ]
SQL: SELECT * FROM `bz_uploads` WHERE `id` = 46 LIMIT 1   [ RunTime:0.0002s ]
NOTIC: [8] Undefined index: push D:\Git\phpdemo\jf\Runtime\Cache\Admin\73fe388d53e50671135f4801989789e9.php 第 98 行.
SQL: SELECT * FROM `bz_category` WHERE `id` = 20 LIMIT 1   [ RunTime:0.0002s ]
SQL: SELECT * FROM `bz_uploads` WHERE `id` = 47 LIMIT 1   [ RunTime:0.0002s ]
NOTIC: [8] Undefined index: push D:\Git\phpdemo\jf\Runtime\Cache\Admin\73fe388d53e50671135f4801989789e9.php 第 98 行.
SQL: SELECT * FROM `bz_category` WHERE `id` = 20 LIMIT 1   [ RunTime:0.0003s ]
SQL: SELECT * FROM `bz_uploads` WHERE `id` = 46 LIMIT 1   [ RunTime:0.0002s ]
NOTIC: [8] Undefined index: push D:\Git\phpdemo\jf\Runtime\Cache\Admin\73fe388d53e50671135f4801989789e9.php 第 98 行.
SQL: SELECT * FROM `bz_category` WHERE `id` = 20 LIMIT 1   [ RunTime:0.0003s ]
INFO: Run Behavior\ParseTemplateBehavior [ RunTime:0.038410s ]
INFO: [ view_parse ] --END-- [ RunTime:0.038471s ]
INFO: [ view_filter ] --START--
INFO: Run Behavior\WriteHtmlCacheBehavior [ RunTime:0.000425s ]
INFO: [ view_filter ] --END-- [ RunTime:0.000483s ]
INFO: [ app_end ] --START--
INFO: Run Behavior\ShowPageTraceBehavior [ RunTime:0.000553s ]
INFO: [ app_end ] --END-- [ RunTime:0.000611s ]

[ 2016-08-18T09:33:32+08:00 ] 127.0.0.1 /jf/admin.php/Document/index/mid/2.html
INFO: [ app_init ] --START--
INFO: Run Behavior\BuildLiteBehavior [ RunTime:0.000018s ]
INFO: [ app_init ] --END-- [ RunTime:0.000497s ]
INFO: [ app_begin ] --START--
INFO: Run Behavior\ReadHtmlCacheBehavior [ RunTime:0.000551s ]
INFO: [ app_begin ] --END-- [ RunTime:0.000622s ]
SQL: SHOW COLUMNS FROM `bz_model` [ RunTime:0.0022s ]
SQL: SELECT * FROM `bz_model` WHERE `status` = 1  [ RunTime:0.0003s ]
SQL: SELECT * FROM `bz_model` WHERE `id` = 2 LIMIT 1   [ RunTime:0.0002s ]
SQL: SHOW COLUMNS FROM `bz_doc_product` [ RunTime:0.0023s ]
NOTIC: [8] Undefined variable: map D:\Git\phpdemo\jf\Admin\Controller\DocumentController.class.php 第 19 行.
SQL: SELECT COUNT(*) AS tp_count FROM `bz_doc_product` LIMIT 1   [ RunTime:0.0001s ]
SQL: SHOW COLUMNS FROM `bz_category` [ RunTime:0.0021s ]
SQL: SELECT * FROM `bz_category` WHERE `mid` = 2  [ RunTime:0.0003s ]
NOTIC: [8] Undefined variable: map D:\Git\phpdemo\jf\Admin\Controller\DocumentController.class.php 第 26 行.
SQL: SELECT * FROM `bz_doc_product` ORDER BY id desc LIMIT 0,12   [ RunTime:0.0012s ]
INFO: [ view_parse ] --START--
INFO: [ template_filter ] --START--
INFO: Run Behavior\ContentReplaceBehavior [ RunTime:0.000078s ]
INFO: [ template_filter ] --END-- [ RunTime:0.000145s ]
SQL: SELECT * FROM `bz_model` WHERE `id` = 2 LIMIT 1   [ RunTime:0.0003s ]
SQL: SELECT * FROM `bz_model` WHERE `id` = 2 LIMIT 1   [ RunTime:0.0002s ]
SQL: SELECT * FROM `bz_category` WHERE `id` = 6 LIMIT 1   [ RunTime:0.0002s ]
SQL: SHOW COLUMNS FROM `bz_uploads` [ RunTime:0.0022s ]
SQL: SELECT * FROM `bz_uploads` WHERE `id` = 42 LIMIT 1   [ RunTime:0.0002s ]
NOTIC: [8] Undefined index: time D:\Git\phpdemo\jf\Runtime\Cache\Admin\ffdcd16cc6d12599046e7c36d644ca47.php 第 110 行.
SQL: SELECT * FROM `bz_category` WHERE `id` = 6 LIMIT 1   [ RunTime:0.0002s ]
SQL: SELECT * FROM `bz_uploads` WHERE `id` = 41 LIMIT 1   [ RunTime:0.0001s ]
NOTIC: [8] Undefined index: time D:\Git\phpdemo\jf\Runtime\Cache\Admin\ffdcd16cc6d12599046e7c36d644ca47.php 第 110 行.
SQL: SELECT * FROM `bz_category` WHERE `id` = 6 LIMIT 1   [ RunTime:0.0001s ]
SQL: SELECT * FROM `bz_uploads` WHERE `id` = 40 LIMIT 1   [ RunTime:0.0001s ]
NOTIC: [8] Undefined index: time D:\Git\phpdemo\jf\Runtime\Cache\Admin\ffdcd16cc6d12599046e7c36d644ca47.php 第 110 行.
SQL: SELECT * FROM `bz_category` WHERE `id` = 6 LIMIT 1   [ RunTime:0.0001s ]
SQL: SELECT * FROM `bz_uploads` WHERE `id` = 39 LIMIT 1   [ RunTime:0.0001s ]
NOTIC: [8] Undefined index: time D:\Git\phpdemo\jf\Runtime\Cache\Admin\ffdcd16cc6d12599046e7c36d644ca47.php 第 110 行.
SQL: SELECT * FROM `bz_category` WHERE `id` = 5 LIMIT 1   [ RunTime:0.0001s ]
SQL: SELECT * FROM `bz_uploads` WHERE `id` = 38 LIMIT 1   [ RunTime:0.0001s ]
NOTIC: [8] Undefined index: time D:\Git\phpdemo\jf\Runtime\Cache\Admin\ffdcd16cc6d12599046e7c36d644ca47.php 第 110 行.
SQL: SELECT * FROM `bz_category` WHERE `id` = 5 LIMIT 1   [ RunTime:0.0001s ]
SQL: SELECT * FROM `bz_uploads` WHERE `id` = 37 LIMIT 1   [ RunTime:0.0001s ]
NOTIC: [8] Undefined index: time D:\Git\phpdemo\jf\Runtime\Cache\Admin\ffdcd16cc6d12599046e7c36d644ca47.php 第 110 行.
SQL: SELECT * FROM `bz_category` WHERE `id` = 5 LIMIT 1   [ RunTime:0.0001s ]
SQL: SELECT * FROM `bz_uploads` WHERE `id` = 36 LIMIT 1   [ RunTime:0.0001s ]
NOTIC: [8] Undefined index: time D:\Git\phpdemo\jf\Runtime\Cache\Admin\ffdcd16cc6d12599046e7c36d644ca47.php 第 110 行.
SQL: SELECT * FROM `bz_category` WHERE `id` = 5 LIMIT 1   [ RunTime:0.0001s ]
SQL: SELECT * FROM `bz_uploads` WHERE `id` = 35 LIMIT 1   [ RunTime:0.0001s ]
NOTIC: [8] Undefined index: time D:\Git\phpdemo\jf\Runtime\Cache\Admin\ffdcd16cc6d12599046e7c36d644ca47.php 第 110 行.
SQL: SELECT * FROM `bz_category` WHERE `id` = 5 LIMIT 1   [ RunTime:0.0001s ]
SQL: SELECT * FROM `bz_uploads` WHERE `id` = 34 LIMIT 1   [ RunTime:0.0001s ]
NOTIC: [8] Undefined index: time D:\Git\phpdemo\jf\Runtime\Cache\Admin\ffdcd16cc6d12599046e7c36d644ca47.php 第 110 行.
SQL: SELECT * FROM `bz_category` WHERE `id` = 4 LIMIT 1   [ RunTime:0.0001s ]
SQL: SELECT * FROM `bz_uploads` WHERE `id` = 33 LIMIT 1   [ RunTime:0.0001s ]
NOTIC: [8] Undefined index: time D:\Git\phpdemo\jf\Runtime\Cache\Admin\ffdcd16cc6d12599046e7c36d644ca47.php 第 110 行.
SQL: SELECT * FROM `bz_category` WHERE `id` = 4 LIMIT 1   [ RunTime:0.0001s ]
SQL: SELECT * FROM `bz_uploads` WHERE `id` = 32 LIMIT 1   [ RunTime:0.0001s ]
NOTIC: [8] Undefined index: time D:\Git\phpdemo\jf\Runtime\Cache\Admin\ffdcd16cc6d12599046e7c36d644ca47.php 第 110 行.
SQL: SELECT * FROM `bz_category` WHERE `id` = 4 LIMIT 1   [ RunTime:0.0002s ]
SQL: SELECT * FROM `bz_uploads` WHERE `id` = 31 LIMIT 1   [ RunTime:0.0002s ]
NOTIC: [8] Undefined index: time D:\Git\phpdemo\jf\Runtime\Cache\Admin\ffdcd16cc6d12599046e7c36d644ca47.php 第 110 行.
INFO: Run Behavior\ParseTemplateBehavior [ RunTime:0.028721s ]
INFO: [ view_parse ] --END-- [ RunTime:0.028785s ]
INFO: [ view_filter ] --START--
INFO: Run Behavior\WriteHtmlCacheBehavior [ RunTime:0.000307s ]
INFO: [ view_filter ] --END-- [ RunTime:0.000361s ]
INFO: [ app_end ] --START--
INFO: Run Behavior\ShowPageTraceBehavior [ RunTime:0.000477s ]
INFO: [ app_end ] --END-- [ RunTime:0.000537s ]

[ 2016-08-18T09:33:34+08:00 ] 127.0.0.1 /jf/admin.php/Document/mod/id/41/mid/2.html
INFO: [ app_init ] --START--
INFO: Run Behavior\BuildLiteBehavior [ RunTime:0.000027s ]
INFO: [ app_init ] --END-- [ RunTime:0.000625s ]
INFO: [ app_begin ] --START--
INFO: Run Behavior\ReadHtmlCacheBehavior [ RunTime:0.000793s ]
INFO: [ app_begin ] --END-- [ RunTime:0.000893s ]
SQL: SHOW COLUMNS FROM `bz_model` [ RunTime:0.0022s ]
SQL: SELECT * FROM `bz_model` WHERE `status` = 1  [ RunTime:0.0003s ]
SQL: SELECT * FROM `bz_model` WHERE `id` = 2 LIMIT 1   [ RunTime:0.0002s ]
SQL: SHOW COLUMNS FROM `bz_doc_product` [ RunTime:0.0023s ]
SQL: SHOW COLUMNS FROM `bz_field` [ RunTime:0.0021s ]
SQL: SELECT * FROM `bz_field` WHERE `mid` = 2 AND `status` = 1 ORDER BY sort  [ RunTime:0.0003s ]
SQL: SELECT * FROM `bz_doc_product` WHERE `id` = 41 LIMIT 1   [ RunTime:0.0003s ]
INFO: [ view_parse ] --START--
INFO: [ template_filter ] --START--
INFO: Run Behavior\ContentReplaceBehavior [ RunTime:0.000084s ]
INFO: [ template_filter ] --END-- [ RunTime:0.000142s ]
SQL: SELECT * FROM `bz_model` WHERE `id` = 2 LIMIT 1   [ RunTime:0.0003s ]
SQL: SELECT * FROM `bz_model` WHERE `id` = 2 LIMIT 1   [ RunTime:0.0003s ]
SQL: SELECT * FROM `bz_model` WHERE `id` = 2 LIMIT 1   [ RunTime:0.0002s ]
SQL: SHOW COLUMNS FROM `bz_category` [ RunTime:0.0022s ]
SQL: SELECT * FROM `bz_category` WHERE `mid` = 2 ORDER BY sort asc  [ RunTime:0.0002s ]
NOTIC: [8] Undefined variable: str D:\Git\phpdemo\jf\Admin\Common\function.php 第 300 行.
SQL: SELECT * FROM `bz_category` WHERE `pid` = 1 LIMIT 1   [ RunTime:0.0002s ]
SQL: SELECT * FROM `bz_category` WHERE `pid` = 2 LIMIT 1   [ RunTime:0.0002s ]
SQL: SELECT * FROM `bz_category` WHERE `pid` = 3 LIMIT 1   [ RunTime:0.0002s ]
SQL: SELECT * FROM `bz_category` WHERE `pid` = 4 LIMIT 1   [ RunTime:0.0002s ]
SQL: SELECT * FROM `bz_category` WHERE `pid` = 5 LIMIT 1   [ RunTime:0.0002s ]
SQL: SELECT * FROM `bz_category` WHERE `pid` = 6 LIMIT 1   [ RunTime:0.0002s ]
SQL: SELECT * FROM `bz_category` WHERE `pid` = 7 LIMIT 1   [ RunTime:0.0002s ]
NOTIC: [8] Undefined variable: str D:\Git\phpdemo\jf\Admin\Common\function.php 第 177 行.
NOTIC: [8] Undefined variable: str D:\Git\phpdemo\jf\Admin\Common\function.php 第 177 行.
SQL: SHOW COLUMNS FROM `bz_uploads` [ RunTime:0.0019s ]
SQL: SELECT * FROM `bz_uploads` WHERE `id` = 42 LIMIT 1   [ RunTime:0.0002s ]
NOTIC: [8] Undefined variable: str D:\Git\phpdemo\jf\Admin\Common\function.php 第 211 行.
NOTIC: [8] Use of undefined constant JSUEDITOR - assumed 'JSUEDITOR' D:\Git\phpdemo\jf\Admin\Common\function.php 第 212 行.
NOTIC: [8] Undefined variable: str D:\Git\phpdemo\jf\Admin\Common\function.php 第 193 行.
NOTIC: [8] Use of undefined constant JSUEDITOR_PLUG - assumed 'JSUEDITOR_PLUG' D:\Git\phpdemo\jf\Admin\Common\function.php 第 199 行.
INFO: Run Behavior\ParseTemplateBehavior [ RunTime:0.028378s ]
INFO: [ view_parse ] --END-- [ RunTime:0.028435s ]
INFO: [ view_filter ] --START--
INFO: Run Behavior\WriteHtmlCacheBehavior [ RunTime:0.000369s ]
INFO: [ view_filter ] --END-- [ RunTime:0.000425s ]
INFO: [ app_end ] --START--
INFO: Run Behavior\ShowPageTraceBehavior [ RunTime:0.000528s ]
INFO: [ app_end ] --END-- [ RunTime:0.000587s ]

[ 2016-08-18T09:33:35+08:00 ] 127.0.0.1 /jf/admin.php/Uploads/ueditor?action/config&&noCache=1471484015250
INFO: [ app_init ] --START--
INFO: Run Behavior\BuildLiteBehavior [ RunTime:0.000015s ]
INFO: [ app_init ] --END-- [ RunTime:0.000376s ]
INFO: [ app_begin ] --START--
INFO: Run Behavior\ReadHtmlCacheBehavior [ RunTime:0.000526s ]
INFO: [ app_begin ] --END-- [ RunTime:0.000595s ]
NOTIC: [8] Undefined index: session D:\Git\phpdemo\jf\Admin\Controller\UploadsController.class.php 第 7 行.
INFO: [ view_parse ] --START--
INFO: [ template_filter ] --START--
INFO: Run Behavior\ContentReplaceBehavior [ RunTime:0.000062s ]
INFO: [ template_filter ] --END-- [ RunTime:0.000128s ]
NOTIC: [8] Undefined variable: list D:\Git\phpdemo\jf\Runtime\Cache\Admin\c882f239582a5774a70d831ff845047d.php 第 32 行.
NOTIC: [8] Undefined variable: paging D:\Git\phpdemo\jf\Runtime\Cache\Admin\c882f239582a5774a70d831ff845047d.php 第 34 行.
NOTIC: [8] Undefined variable: img_size D:\Git\phpdemo\jf\Runtime\Cache\Admin\c882f239582a5774a70d831ff845047d.php 第 41 行.
INFO: Run Behavior\ParseTemplateBehavior [ RunTime:0.007094s ]
INFO: [ view_parse ] --END-- [ RunTime:0.007188s ]
INFO: [ view_filter ] --START--
INFO: Run Behavior\WriteHtmlCacheBehavior [ RunTime:0.000306s ]
INFO: [ view_filter ] --END-- [ RunTime:0.000362s ]
INFO: [ app_end ] --START--
INFO: Run Behavior\ShowPageTraceBehavior [ RunTime:0.000643s ]
INFO: [ app_end ] --END-- [ RunTime:0.000702s ]

[ 2016-08-18T09:33:35+08:00 ] 127.0.0.1 /jf/admin.php/Uploads/ueditor?action/config&&noCache=1471484015649
INFO: [ app_init ] --START--
INFO: Run Behavior\BuildLiteBehavior [ RunTime:0.000016s ]
INFO: [ app_init ] --END-- [ RunTime:0.000427s ]
INFO: [ app_begin ] --START--
INFO: Run Behavior\ReadHtmlCacheBehavior [ RunTime:0.000448s ]
INFO: [ app_begin ] --END-- [ RunTime:0.000513s ]
NOTIC: [8] Undefined index: session D:\Git\phpdemo\jf\Admin\Controller\UploadsController.class.php 第 7 行.
INFO: [ view_parse ] --START--
INFO: [ template_filter ] --START--
INFO: Run Behavior\ContentReplaceBehavior [ RunTime:0.000060s ]
INFO: [ template_filter ] --END-- [ RunTime:0.000128s ]
NOTIC: [8] Undefined variable: list D:\Git\phpdemo\jf\Runtime\Cache\Admin\c882f239582a5774a70d831ff845047d.php 第 32 行.
NOTIC: [8] Undefined variable: paging D:\Git\phpdemo\jf\Runtime\Cache\Admin\c882f239582a5774a70d831ff845047d.php 第 34 行.
NOTIC: [8] Undefined variable: img_size D:\Git\phpdemo\jf\Runtime\Cache\Admin\c882f239582a5774a70d831ff845047d.php 第 41 行.
INFO: Run Behavior\ParseTemplateBehavior [ RunTime:0.007008s ]
INFO: [ view_parse ] --END-- [ RunTime:0.007084s ]
INFO: [ view_filter ] --START--
INFO: Run Behavior\WriteHtmlCacheBehavior [ RunTime:0.000246s ]
INFO: [ view_filter ] --END-- [ RunTime:0.000304s ]
INFO: [ app_end ] --START--
INFO: Run Behavior\ShowPageTraceBehavior [ RunTime:0.000448s ]
INFO: [ app_end ] --END-- [ RunTime:0.000504s ]

[ 2016-08-18T09:33:49+08:00 ] 127.0.0.1 /jf/admin.php/Bussiness/index/mid/5.html
INFO: [ app_init ] --START--
INFO: Run Behavior\BuildLiteBehavior [ RunTime:0.000033s ]
INFO: [ app_init ] --END-- [ RunTime:0.000923s ]
INFO: [ app_begin ] --START--
INFO: Run Behavior\ReadHtmlCacheBehavior [ RunTime:0.000772s ]
INFO: [ app_begin ] --END-- [ RunTime:0.000880s ]
SQL: SHOW COLUMNS FROM `bz_model` [ RunTime:0.0022s ]
SQL: SELECT * FROM `bz_model` WHERE `status` = 1  [ RunTime:0.0003s ]
SQL: SELECT * FROM `bz_model` WHERE `id` = 5 LIMIT 1   [ RunTime:0.0002s ]
SQL: SHOW COLUMNS FROM `bz_doc_business` [ RunTime:0.0022s ]
NOTIC: [8] Undefined variable: map D:\Git\phpdemo\jf\Admin\Controller\BussinessController.class.php 第 22 行.
SQL: SELECT COUNT(*) AS tp_count FROM `bz_doc_business` LIMIT 1   [ RunTime:0.0002s ]
SQL: SHOW COLUMNS FROM `bz_category` [ RunTime:0.0024s ]
SQL: SELECT * FROM `bz_category` WHERE `mid` = 5  [ RunTime:0.0003s ]
NOTIC: [8] Undefined variable: map D:\Git\phpdemo\jf\Admin\Controller\BussinessController.class.php 第 29 行.
SQL: SELECT * FROM `bz_doc_business` ORDER BY id desc LIMIT 0,12   [ RunTime:0.0002s ]
ERR: 模板不存在:./Admin/View/Bussiness/bus.html

[ 2016-08-18T09:35:22+08:00 ] 127.0.0.1 /jf/admin.php/Bussiness/index/mid/5.html
INFO: [ app_init ] --START--
INFO: Run Behavior\BuildLiteBehavior [ RunTime:0.000021s ]
INFO: [ app_init ] --END-- [ RunTime:0.000538s ]
INFO: [ app_begin ] --START--
INFO: Run Behavior\ReadHtmlCacheBehavior [ RunTime:0.000676s ]
INFO: [ app_begin ] --END-- [ RunTime:0.000765s ]
SQL: SHOW COLUMNS FROM `bz_model` [ RunTime:0.0024s ]
SQL: SELECT * FROM `bz_model` WHERE `status` = 1  [ RunTime:0.0002s ]
SQL: SELECT * FROM `bz_model` WHERE `id` = 5 LIMIT 1   [ RunTime:0.0002s ]
SQL: SHOW COLUMNS FROM `bz_doc_business` [ RunTime:0.0026s ]
NOTIC: [8] Undefined variable: map D:\Git\phpdemo\jf\Admin\Controller\BussinessController.class.php 第 22 行.
SQL: SELECT COUNT(*) AS tp_count FROM `bz_doc_business` LIMIT 1   [ RunTime:0.0003s ]
SQL: SHOW COLUMNS FROM `bz_category` [ RunTime:0.0021s ]
SQL: SELECT * FROM `bz_category` WHERE `mid` = 5  [ RunTime:0.0002s ]
NOTIC: [8] Undefined variable: map D:\Git\phpdemo\jf\Admin\Controller\BussinessController.class.php 第 29 行.
SQL: SELECT * FROM `bz_doc_business` ORDER BY id desc LIMIT 0,12   [ RunTime:0.0002s ]
ERR: 模板不存在:./Admin/View/Bussiness/bus.html

[ 2016-08-18T09:39:32+08:00 ] 127.0.0.1 /jf/admin.php/Bussiness/index/mid/5.html
INFO: [ app_init ] --START--
INFO: Run Behavior\BuildLiteBehavior [ RunTime:0.000025s ]
INFO: [ app_init ] --END-- [ RunTime:0.000665s ]
INFO: [ app_begin ] --START--
INFO: Run Behavior\ReadHtmlCacheBehavior [ RunTime:0.000925s ]
INFO: [ app_begin ] --END-- [ RunTime:0.001029s ]
SQL: SHOW COLUMNS FROM `bz_model` [ RunTime:0.0035s ]
SQL: SELECT * FROM `bz_model` WHERE `status` = 1  [ RunTime:0.0004s ]
SQL: SELECT * FROM `bz_model` WHERE `id` = 5 LIMIT 1   [ RunTime:0.0003s ]
SQL: SHOW COLUMNS FROM `bz_doc_business` [ RunTime:0.0034s ]
NOTIC: [8] Undefined variable: map D:\Git\phpdemo\jf\Admin\Controller\BussinessController.class.php 第 22 行.
SQL: SELECT COUNT(*) AS tp_count FROM `bz_doc_business` LIMIT 1   [ RunTime:0.0003s ]
SQL: SHOW COLUMNS FROM `bz_category` [ RunTime:0.0033s ]
SQL: SELECT * FROM `bz_category` WHERE `mid` = 5  [ RunTime:0.0004s ]
NOTIC: [8] Undefined variable: map D:\Git\phpdemo\jf\Admin\Controller\BussinessController.class.php 第 29 行.
SQL: SELECT * FROM `bz_doc_business` ORDER BY id desc LIMIT 0,12   [ RunTime:0.0004s ]
ERR: 模板不存在:./Admin/View/Bussiness/bus.html

[ 2016-08-18T09:39:44+08:00 ] 127.0.0.1 /jf/admin.php/Bussiness/index/mid/5.html
INFO: [ app_init ] --START--
INFO: Run Behavior\BuildLiteBehavior [ RunTime:0.000015s ]
INFO: [ app_init ] --END-- [ RunTime:0.000472s ]
INFO: [ app_begin ] --START--
INFO: Run Behavior\ReadHtmlCacheBehavior [ RunTime:0.000679s ]
INFO: [ app_begin ] --END-- [ RunTime:0.000747s ]
SQL: SHOW COLUMNS FROM `bz_model` [ RunTime:0.0022s ]
SQL: SELECT * FROM `bz_model` WHERE `status` = 1  [ RunTime:0.0002s ]
SQL: SELECT * FROM `bz_model` WHERE `id` = 5 LIMIT 1   [ RunTime:0.0002s ]
SQL: SHOW COLUMNS FROM `bz_doc_business` [ RunTime:0.0021s ]
NOTIC: [8] Undefined variable: map D:\Git\phpdemo\jf\Admin\Controller\BussinessController.class.php 第 22 行.
SQL: SELECT COUNT(*) AS tp_count FROM `bz_doc_business` LIMIT 1   [ RunTime:0.0001s ]
SQL: SHOW COLUMNS FROM `bz_category` [ RunTime:0.0022s ]
SQL: SELECT * FROM `bz_category` WHERE `mid` = 5  [ RunTime:0.0002s ]
NOTIC: [8] Undefined variable: map D:\Git\phpdemo\jf\Admin\Controller\BussinessController.class.php 第 29 行.
SQL: SELECT * FROM `bz_doc_business` ORDER BY id desc LIMIT 0,12   [ RunTime:0.0002s ]
INFO: [ view_parse ] --START--
INFO: [ template_filter ] --START--
INFO: Run Behavior\ContentReplaceBehavior [ RunTime:0.000040s ]
INFO: [ template_filter ] --END-- [ RunTime:0.000095s ]
INFO: Run Behavior\ParseTemplateBehavior [ RunTime:0.002415s ]
INFO: [ view_parse ] --END-- [ RunTime:0.002488s ]
INFO: [ view_filter ] --START--
INFO: Run Behavior\WriteHtmlCacheBehavior [ RunTime:0.000313s ]
INFO: [ view_filter ] --END-- [ RunTime:0.000389s ]
INFO: [ app_end ] --START--
INFO: Run Behavior\ShowPageTraceBehavior [ RunTime:0.000528s ]
INFO: [ app_end ] --END-- [ RunTime:0.000583s ]

