[ 2016-06-21T10:15:42+08:00 ] 127.0.0.1 /
INFO: [ app_begin ] --START--
INFO: ReadHtmlCache Behavior ::run [ RunTime:0.001052s ]
INFO: [ app_begin ] --END-- [ RunTime:0.001130s ]
INFO: [ view_parse ] --START--
INFO: ParseTemplate Behavior ::run [ RunTime:0.002227s ]
INFO: [ view_parse ] --END-- [ RunTime:0.002302s ]
INFO: [ view_filter ] --START--
NOTIC: [8] Use of undefined constant APP_TMPL_PATH - assumed 'APP_TMPL_PATH' D:\item\ThinkPHP\Lib\Behavior\ContentReplaceBehavior.class.php 第 40 行.
NOTIC: [8] Use of undefined constant APP_TMPL_PATH - assumed 'APP_TMPL_PATH' D:\item\ThinkPHP\Lib\Behavior\ContentReplaceBehavior.class.php 第 47 行.
INFO: ContentReplace Behavior ::run [ RunTime:0.000866s ]
INFO: TokenBuild Behavior ::run [ RunTime:0.000761s ]
INFO: WriteHtmlCache Behavior ::run [ RunTime:0.000703s ]
INFO: ShowRuntime Behavior ::run [ RunTime:0.000892s ]
INFO: [ view_filter ] --END-- [ RunTime:0.003415s ]
INFO: [ view_end ] --START--
INFO: ShowPageTrace Behavior ::run [ RunTime:0.001049s ]
INFO: [ view_end ] --END-- [ RunTime:0.001119s ]

[ 2016-06-21T10:23:14+08:00 ] 127.0.0.1 /
INFO: [ app_begin ] --START--
INFO: ReadHtmlCache Behavior ::run [ RunTime:0.001997s ]
INFO: [ app_begin ] --END-- [ RunTime:0.002217s ]
INFO: [ view_parse ] --START--
INFO: ParseTemplate Behavior ::run [ RunTime:0.001732s ]
INFO: [ view_parse ] --END-- [ RunTime:0.001845s ]
INFO: [ view_filter ] --START--
NOTIC: [8] Use of undefined constant APP_TMPL_PATH - assumed 'APP_TMPL_PATH' D:\item\ThinkPHP\Lib\Behavior\ContentReplaceBehavior.class.php 第 40 行.
NOTIC: [8] Use of undefined constant APP_TMPL_PATH - assumed 'APP_TMPL_PATH' D:\item\ThinkPHP\Lib\Behavior\ContentReplaceBehavior.class.php 第 47 行.
INFO: ContentReplace Behavior ::run [ RunTime:0.000860s ]
INFO: TokenBuild Behavior ::run [ RunTime:0.000881s ]
INFO: WriteHtmlCache Behavior ::run [ RunTime:0.000768s ]
INFO: ShowRuntime Behavior ::run [ RunTime:0.000884s ]
INFO: [ view_filter ] --END-- [ RunTime:0.003684s ]
INFO: [ view_end ] --START--
INFO: ShowPageTrace Behavior ::run [ RunTime:0.000930s ]
INFO: [ view_end ] --END-- [ RunTime:0.001021s ]

