[ 2016-06-23T10:14:08+08:00 ] 127.0.0.1 /
INFO: [ app_begin ] --START--
INFO: ReadHtmlCache Behavior ::run [ RunTime:0.001937s ]
INFO: [ app_begin ] --END-- [ RunTime:0.002019s ]
INFO: [ view_parse ] --START--
INFO: ParseTemplate Behavior ::run [ RunTime:0.003344s ]
INFO: [ view_parse ] --END-- [ RunTime:0.003418s ]
INFO: [ view_filter ] --START--
NOTIC: [8] Use of undefined constant APP_TMPL_PATH - assumed 'APP_TMPL_PATH' D:\item\ThinkPHP\Lib\Behavior\ContentReplaceBehavior.class.php 第 40 行.
NOTIC: [8] Use of undefined constant APP_TMPL_PATH - assumed 'APP_TMPL_PATH' D:\item\ThinkPHP\Lib\Behavior\ContentReplaceBehavior.class.php 第 47 行.
INFO: ContentReplace Behavior ::run [ RunTime:0.000918s ]
INFO: TokenBuild Behavior ::run [ RunTime:0.000896s ]
INFO: WriteHtmlCache Behavior ::run [ RunTime:0.000795s ]
INFO: ShowRuntime Behavior ::run [ RunTime:0.000944s ]
INFO: [ view_filter ] --END-- [ RunTime:0.003729s ]
INFO: [ view_end ] --START--
INFO: ShowPageTrace Behavior ::run [ RunTime:0.001118s ]
INFO: [ view_end ] --END-- [ RunTime:0.001179s ]

[ 2016-06-23T10:22:43+08:00 ] 127.0.0.1 /
INFO: [ app_begin ] --START--
INFO: ReadHtmlCache Behavior ::run [ RunTime:0.002051s ]
INFO: [ app_begin ] --END-- [ RunTime:0.002263s ]
INFO: [ view_parse ] --START--
INFO: ParseTemplate Behavior ::run [ RunTime:0.003495s ]
INFO: [ view_parse ] --END-- [ RunTime:0.003701s ]
INFO: [ view_filter ] --START--
NOTIC: [8] Use of undefined constant APP_TMPL_PATH - assumed 'APP_TMPL_PATH' D:\item\ThinkPHP\Lib\Behavior\ContentReplaceBehavior.class.php 第 40 行.
NOTIC: [8] Use of undefined constant APP_TMPL_PATH - assumed 'APP_TMPL_PATH' D:\item\ThinkPHP\Lib\Behavior\ContentReplaceBehavior.class.php 第 47 行.
INFO: ContentReplace Behavior ::run [ RunTime:0.001875s ]
INFO: TokenBuild Behavior ::run [ RunTime:0.001787s ]
INFO: WriteHtmlCache Behavior ::run [ RunTime:0.001500s ]
INFO: ShowRuntime Behavior ::run [ RunTime:0.001914s ]
INFO: [ view_filter ] --END-- [ RunTime:0.007602s ]
INFO: [ view_end ] --START--
INFO: ShowPageTrace Behavior ::run [ RunTime:0.002037s ]
INFO: [ view_end ] --END-- [ RunTime:0.002215s ]

