[ 2016-06-03T10:47:03+08:00 ] 127.0.0.1 /Homemaking-index-t-customizeYuyingshi?code=0019Yh6w0XYrfn19lx5w0aEh6w09Yh6P&state=123
INFO: [ route_check ] --START--
INFO: CheckRoute Behavior ::run [ RunTime:0.001862s ]
INFO: [ route_check ] --END-- [ RunTime:0.003050s ]
INFO: [ app_begin ] --START--
INFO: ReadHtmlCache Behavior ::run [ RunTime:0.001264s ]
INFO: [ app_begin ] --END-- [ RunTime:0.001364s ]
NOTIC: [8] Undefined index: errcode D:\item\homemaking\Common\common.php 第 166 行.
SQL: SELECT   column_name as 'Name',   data_type as 'Type',   column_default as 'Default',   is_nullable as 'Null'
        FROM    information_schema.tables AS t
        JOIN    information_schema.columns AS c
        ON  t.table_catalog = c.table_catalog
        AND t.table_schema  = c.table_schema
        AND t.table_name    = c.table_name
        WHERE   t.table_name = 'homemaking_user_bind' [ RunTime:0.012506s ]
SQL: SELECT fldId,fldOpenId,fldOpenName,fldOpenType,fldType FROM homemaking_user_bind WHERE ( fldOpenId = 'oCA6YwNLc4WdmyWhES1jZv0BaGiM' ) AND ( fldStatus = 1 )  [ RunTime:0.005068s ]

[ 2016-06-03T10:47:03+08:00 ] 127.0.0.1 /Homemaking-customizeYuyingshi-v-1464922023
INFO: [ route_check ] --START--
INFO: CheckRoute Behavior ::run [ RunTime:0.000793s ]
INFO: [ route_check ] --END-- [ RunTime:0.000904s ]
INFO: [ app_begin ] --START--
INFO: ReadHtmlCache Behavior ::run [ RunTime:0.000576s ]
INFO: [ app_begin ] --END-- [ RunTime:0.000663s ]
INFO: [ view_parse ] --START--
NOTIC: [8] Undefined variable: redirect D:\item\homemaking\Runtime\Cache\Home\2a3b6442af99c0ce36d89abb9ed1f488.php 第 32 行.
INFO: ParseTemplate Behavior ::run [ RunTime:0.013838s ]
INFO: [ view_parse ] --END-- [ RunTime:0.013914s ]
INFO: [ view_filter ] --START--
INFO: ContentReplace Behavior ::run [ RunTime:0.000830s ]
INFO: TokenBuild Behavior ::run [ RunTime:0.000982s ]
INFO: WriteHtmlCache Behavior ::run [ RunTime:0.000782s ]
INFO: ShowRuntime Behavior ::run [ RunTime:0.000870s ]
INFO: [ view_filter ] --END-- [ RunTime:0.003629s ]
INFO: [ view_end ] --START--
INFO: ShowPageTrace Behavior ::run [ RunTime:0.000996s ]
INFO: [ view_end ] --END-- [ RunTime:0.001054s ]

[ 2016-06-03T10:54:41+08:00 ] 127.0.0.1 /Weixin-index?signature=8faafde3739fed4ffa23fecd42f19e6264fa3fda&timestamp=1464922479&nonce=1323017368&openid=oCA6YwNLc4WdmyWhES1jZv0BaGiM
INFO: [ route_check ] --START--
INFO: CheckRoute Behavior ::run [ RunTime:0.001462s ]
INFO: [ route_check ] --END-- [ RunTime:0.001605s ]
INFO: [ app_begin ] --START--
INFO: ReadHtmlCache Behavior ::run [ RunTime:0.001063s ]
INFO: [ app_begin ] --END-- [ RunTime:0.001196s ]

[ 2016-06-03T10:54:41+08:00 ] 127.0.0.1 /
INFO: [ app_begin ] --START--
INFO: ReadHtmlCache Behavior ::run [ RunTime:0.001353s ]
INFO: [ app_begin ] --END-- [ RunTime:0.001598s ]
INFO: [ view_parse ] --START--
INFO: ParseTemplate Behavior ::run [ RunTime:0.002343s ]
INFO: [ view_parse ] --END-- [ RunTime:0.002594s ]
INFO: [ view_filter ] --START--
NOTIC: [8] Use of undefined constant APP_TMPL_PATH - assumed 'APP_TMPL_PATH' D:\item\ThinkPHP\Lib\Behavior\ContentReplaceBehavior.class.php 第 40 行.
NOTIC: [8] Use of undefined constant APP_TMPL_PATH - assumed 'APP_TMPL_PATH' D:\item\ThinkPHP\Lib\Behavior\ContentReplaceBehavior.class.php 第 47 行.
INFO: ContentReplace Behavior ::run [ RunTime:0.000612s ]
INFO: TokenBuild Behavior ::run [ RunTime:0.000502s ]
INFO: WriteHtmlCache Behavior ::run [ RunTime:0.000372s ]
INFO: ShowRuntime Behavior ::run [ RunTime:0.000540s ]
INFO: [ view_filter ] --END-- [ RunTime:0.002232s ]
INFO: [ view_end ] --START--
INFO: ShowPageTrace Behavior ::run [ RunTime:0.000654s ]
INFO: [ view_end ] --END-- [ RunTime:0.000726s ]

[ 2016-06-03T10:54:42+08:00 ] 117.136.79.152 /Homemaking-index-t-customizeYuesao?code=031R8eCI1C45ac0TWYAI1gUgCI1R8eCA&state=123
INFO: [ route_check ] --START--
INFO: CheckRoute Behavior ::run [ RunTime:0.001871s ]
INFO: [ route_check ] --END-- [ RunTime:0.002087s ]
INFO: [ app_begin ] --START--
INFO: ReadHtmlCache Behavior ::run [ RunTime:0.000620s ]
INFO: [ app_begin ] --END-- [ RunTime:0.000710s ]
NOTIC: [8] Undefined index: errcode D:\item\homemaking\Common\common.php 第 166 行.
SQL: SELECT   column_name as 'Name',   data_type as 'Type',   column_default as 'Default',   is_nullable as 'Null'
        FROM    information_schema.tables AS t
        JOIN    information_schema.columns AS c
        ON  t.table_catalog = c.table_catalog
        AND t.table_schema  = c.table_schema
        AND t.table_name    = c.table_name
        WHERE   t.table_name = 'homemaking_user_bind' [ RunTime:0.007139s ]
SQL: SELECT fldId,fldOpenId,fldOpenName,fldOpenType,fldType FROM homemaking_user_bind WHERE ( fldOpenId = 'oCA6YwNLc4WdmyWhES1jZv0BaGiM' ) AND ( fldStatus = 1 )  [ RunTime:0.004879s ]

[ 2016-06-03T10:54:42+08:00 ] 117.136.79.152 /Homemaking-customizeYuesao-v-1464922482
INFO: [ route_check ] --START--
INFO: CheckRoute Behavior ::run [ RunTime:0.001396s ]
INFO: [ route_check ] --END-- [ RunTime:0.001561s ]
INFO: [ app_begin ] --START--
INFO: ReadHtmlCache Behavior ::run [ RunTime:0.001127s ]
INFO: [ app_begin ] --END-- [ RunTime:0.001278s ]
INFO: [ view_parse ] --START--
NOTIC: [8] Undefined variable: redirect D:\item\homemaking\Runtime\Cache\Home\2a3b6442af99c0ce36d89abb9ed1f488.php 第 32 行.
INFO: ParseTemplate Behavior ::run [ RunTime:0.013407s ]
INFO: [ view_parse ] --END-- [ RunTime:0.013555s ]
INFO: [ view_filter ] --START--
INFO: ContentReplace Behavior ::run [ RunTime:0.000960s ]
INFO: TokenBuild Behavior ::run [ RunTime:0.001001s ]
INFO: WriteHtmlCache Behavior ::run [ RunTime:0.000802s ]
INFO: ShowRuntime Behavior ::run [ RunTime:0.001148s ]
INFO: [ view_filter ] --END-- [ RunTime:0.004314s ]
INFO: [ view_end ] --START--
INFO: ShowPageTrace Behavior ::run [ RunTime:0.001321s ]
INFO: [ view_end ] --END-- [ RunTime:0.001465s ]

[ 2016-06-03T10:54:51+08:00 ] 127.0.0.1 /
INFO: [ app_begin ] --START--
INFO: ReadHtmlCache Behavior ::run [ RunTime:0.000868s ]
INFO: [ app_begin ] --END-- [ RunTime:0.000996s ]
INFO: [ view_parse ] --START--
INFO: ParseTemplate Behavior ::run [ RunTime:0.001564s ]
INFO: [ view_parse ] --END-- [ RunTime:0.001687s ]
INFO: [ view_filter ] --START--
NOTIC: [8] Use of undefined constant APP_TMPL_PATH - assumed 'APP_TMPL_PATH' D:\item\ThinkPHP\Lib\Behavior\ContentReplaceBehavior.class.php 第 40 行.
NOTIC: [8] Use of undefined constant APP_TMPL_PATH - assumed 'APP_TMPL_PATH' D:\item\ThinkPHP\Lib\Behavior\ContentReplaceBehavior.class.php 第 47 行.
INFO: ContentReplace Behavior ::run [ RunTime:0.000749s ]
INFO: TokenBuild Behavior ::run [ RunTime:0.000698s ]
INFO: WriteHtmlCache Behavior ::run [ RunTime:0.000538s ]
INFO: ShowRuntime Behavior ::run [ RunTime:0.000804s ]
INFO: [ view_filter ] --END-- [ RunTime:0.003092s ]
INFO: [ view_end ] --START--
INFO: ShowPageTrace Behavior ::run [ RunTime:0.001099s ]
INFO: [ view_end ] --END-- [ RunTime:0.001206s ]

[ 2016-06-03T18:42:55+08:00 ] 127.0.0.1 /Homemaking-index-t-customizeYuyingshi?code=041yOAcL0cbBVj2bYNdL0ipwcL0yOAcA&state=123
INFO: [ route_check ] --START--
INFO: CheckRoute Behavior ::run [ RunTime:0.002559s ]
INFO: [ route_check ] --END-- [ RunTime:0.002779s ]
INFO: [ app_begin ] --START--
INFO: ReadHtmlCache Behavior ::run [ RunTime:0.001729s ]
INFO: [ app_begin ] --END-- [ RunTime:0.001930s ]
NOTIC: [8] Undefined index: errcode D:\item\homemaking\Common\common.php 第 166 行.

[ 2016-06-03T18:42:55+08:00 ] 127.0.0.1 /Homemaking-customizeYuyingshi-v-1464950575
INFO: [ route_check ] --START--
INFO: CheckRoute Behavior ::run [ RunTime:0.000780s ]
INFO: [ route_check ] --END-- [ RunTime:0.000877s ]
INFO: [ app_begin ] --START--
INFO: ReadHtmlCache Behavior ::run [ RunTime:0.000591s ]
INFO: [ app_begin ] --END-- [ RunTime:0.000675s ]
INFO: [ view_parse ] --START--
NOTIC: [8] Undefined variable: redirect D:\item\homemaking\Runtime\Cache\Home\2a3b6442af99c0ce36d89abb9ed1f488.php 第 32 行.
INFO: ParseTemplate Behavior ::run [ RunTime:0.008414s ]
INFO: [ view_parse ] --END-- [ RunTime:0.008501s ]
INFO: [ view_filter ] --START--
INFO: ContentReplace Behavior ::run [ RunTime:0.000648s ]
INFO: TokenBuild Behavior ::run [ RunTime:0.000658s ]
INFO: WriteHtmlCache Behavior ::run [ RunTime:0.000516s ]
INFO: ShowRuntime Behavior ::run [ RunTime:0.000711s ]
INFO: [ view_filter ] --END-- [ RunTime:0.002767s ]
INFO: [ view_end ] --START--
INFO: ShowPageTrace Behavior ::run [ RunTime:0.000810s ]
INFO: [ view_end ] --END-- [ RunTime:0.000891s ]

[ 2016-06-03T18:45:05+08:00 ] 127.0.0.1 /Homemaking-confirmcustommade
INFO: [ route_check ] --START--
INFO: CheckRoute Behavior ::run [ RunTime:0.000706s ]
INFO: [ route_check ] --END-- [ RunTime:0.000776s ]
INFO: [ app_begin ] --START--
INFO: ReadHtmlCache Behavior ::run [ RunTime:0.000468s ]
INFO: [ app_begin ] --END-- [ RunTime:0.000530s ]
INFO: [ view_parse ] --START--
INFO: ParseTemplate Behavior ::run [ RunTime:0.005766s ]
INFO: [ view_parse ] --END-- [ RunTime:0.005841s ]
INFO: [ view_filter ] --START--
INFO: ContentReplace Behavior ::run [ RunTime:0.000360s ]
INFO: TokenBuild Behavior ::run [ RunTime:0.000351s ]
INFO: WriteHtmlCache Behavior ::run [ RunTime:0.000268s ]
INFO: ShowRuntime Behavior ::run [ RunTime:0.000433s ]
INFO: [ view_filter ] --END-- [ RunTime:0.001566s ]
INFO: [ view_end ] --START--
INFO: ShowPageTrace Behavior ::run [ RunTime:0.000485s ]
INFO: [ view_end ] --END-- [ RunTime:0.000540s ]

[ 2016-06-03T18:45:45+08:00 ] 127.0.0.1 /Weixin-index?signature=b302a170f8e1bdac2da3a1df9956e5c588becf97&timestamp=1464950742&nonce=1692731140&openid=oCA6YwNLc4WdmyWhES1jZv0BaGiM
INFO: [ route_check ] --START--
INFO: CheckRoute Behavior ::run [ RunTime:0.001255s ]
INFO: [ route_check ] --END-- [ RunTime:0.001398s ]
INFO: [ app_begin ] --START--
INFO: ReadHtmlCache Behavior ::run [ RunTime:0.000974s ]
INFO: [ app_begin ] --END-- [ RunTime:0.001105s ]
NOTIC: [8] Undefined variable: result D:\item\homemaking\Lib\Action\Home\WeixinAction.class.php 第 56 行.

[ 2016-06-03T18:45:46+08:00 ] 127.0.0.1 /Homemaking-confirmcustommade
INFO: [ route_check ] --START--
INFO: CheckRoute Behavior ::run [ RunTime:0.001607s ]
INFO: [ route_check ] --END-- [ RunTime:0.001809s ]
INFO: [ app_begin ] --START--
INFO: ReadHtmlCache Behavior ::run [ RunTime:0.001253s ]
INFO: [ app_begin ] --END-- [ RunTime:0.001430s ]

[ 2016-06-03T18:46:02+08:00 ] 127.0.0.1 /Homemaking-confirmcustommade
INFO: [ route_check ] --START--
INFO: CheckRoute Behavior ::run [ RunTime:0.000880s ]
INFO: [ route_check ] --END-- [ RunTime:0.000992s ]
INFO: [ app_begin ] --START--
INFO: ReadHtmlCache Behavior ::run [ RunTime:0.000743s ]
INFO: [ app_begin ] --END-- [ RunTime:0.000838s ]
INFO: [ view_parse ] --START--
INFO: ParseTemplate Behavior ::run [ RunTime:0.007959s ]
INFO: [ view_parse ] --END-- [ RunTime:0.008067s ]
INFO: [ view_filter ] --START--
INFO: ContentReplace Behavior ::run [ RunTime:0.000562s ]
INFO: TokenBuild Behavior ::run [ RunTime:0.000615s ]
INFO: WriteHtmlCache Behavior ::run [ RunTime:0.000464s ]
INFO: ShowRuntime Behavior ::run [ RunTime:0.000577s ]
INFO: [ view_filter ] --END-- [ RunTime:0.002458s ]
INFO: [ view_end ] --START--
INFO: ShowPageTrace Behavior ::run [ RunTime:0.000480s ]
INFO: [ view_end ] --END-- [ RunTime:0.000538s ]

[ 2016-06-03T18:46:02+08:00 ] 127.0.0.1 /Homemaking-confirmcustommade
INFO: [ route_check ] --START--
INFO: CheckRoute Behavior ::run [ RunTime:0.001101s ]
INFO: [ route_check ] --END-- [ RunTime:0.001230s ]
INFO: [ app_begin ] --START--
INFO: ReadHtmlCache Behavior ::run [ RunTime:0.000858s ]
INFO: [ app_begin ] --END-- [ RunTime:0.000972s ]
INFO: [ view_parse ] --START--
INFO: ParseTemplate Behavior ::run [ RunTime:0.007701s ]
INFO: [ view_parse ] --END-- [ RunTime:0.007810s ]
INFO: [ view_filter ] --START--
INFO: ContentReplace Behavior ::run [ RunTime:0.000350s ]
INFO: TokenBuild Behavior ::run [ RunTime:0.000361s ]
INFO: WriteHtmlCache Behavior ::run [ RunTime:0.000269s ]
INFO: ShowRuntime Behavior ::run [ RunTime:0.000450s ]
INFO: [ view_filter ] --END-- [ RunTime:0.001621s ]
INFO: [ view_end ] --START--
INFO: ShowPageTrace Behavior ::run [ RunTime:0.000528s ]
INFO: [ view_end ] --END-- [ RunTime:0.000593s ]

[ 2016-06-03T18:46:02+08:00 ] 127.0.0.1 /Homemaking-confirmcustommade
INFO: [ route_check ] --START--
INFO: CheckRoute Behavior ::run [ RunTime:0.001305s ]
INFO: [ route_check ] --END-- [ RunTime:0.001432s ]
INFO: [ app_begin ] --START--
INFO: ReadHtmlCache Behavior ::run [ RunTime:0.000909s ]
INFO: [ app_begin ] --END-- [ RunTime:0.001023s ]
INFO: [ view_parse ] --START--
INFO: ParseTemplate Behavior ::run [ RunTime:0.006225s ]
INFO: [ view_parse ] --END-- [ RunTime:0.006327s ]
INFO: [ view_filter ] --START--
INFO: ContentReplace Behavior ::run [ RunTime:0.000383s ]
INFO: TokenBuild Behavior ::run [ RunTime:0.000478s ]
INFO: WriteHtmlCache Behavior ::run [ RunTime:0.000319s ]
INFO: ShowRuntime Behavior ::run [ RunTime:0.000461s ]
INFO: [ view_filter ] --END-- [ RunTime:0.001824s ]
INFO: [ view_end ] --START--
INFO: ShowPageTrace Behavior ::run [ RunTime:0.000548s ]
INFO: [ view_end ] --END-- [ RunTime:0.000611s ]

[ 2016-06-03T18:46:02+08:00 ] 127.0.0.1 /Homemaking-confirmcustommade
INFO: [ route_check ] --START--
INFO: CheckRoute Behavior ::run [ RunTime:0.000741s ]
INFO: [ route_check ] --END-- [ RunTime:0.000819s ]
INFO: [ app_begin ] --START--
INFO: ReadHtmlCache Behavior ::run [ RunTime:0.000534s ]
INFO: [ app_begin ] --END-- [ RunTime:0.000602s ]
INFO: [ view_parse ] --START--
INFO: ParseTemplate Behavior ::run [ RunTime:0.005876s ]
INFO: [ view_parse ] --END-- [ RunTime:0.005951s ]
INFO: [ view_filter ] --START--
INFO: ContentReplace Behavior ::run [ RunTime:0.000462s ]
INFO: TokenBuild Behavior ::run [ RunTime:0.000482s ]
INFO: WriteHtmlCache Behavior ::run [ RunTime:0.000392s ]
INFO: ShowRuntime Behavior ::run [ RunTime:0.000550s ]
INFO: [ view_filter ] --END-- [ RunTime:0.002069s ]
INFO: [ view_end ] --START--
INFO: ShowPageTrace Behavior ::run [ RunTime:0.000630s ]
INFO: [ view_end ] --END-- [ RunTime:0.000692s ]

[ 2016-06-03T19:14:41+08:00 ] 127.0.0.1 /Homemaking-index-t-customizeYuyingshi?code=001brOA313ogy12nRGC319EOA31brOAw&state=123
INFO: [ route_check ] --START--
INFO: CheckRoute Behavior ::run [ RunTime:0.001178s ]
INFO: [ route_check ] --END-- [ RunTime:0.001298s ]
INFO: [ app_begin ] --START--
INFO: ReadHtmlCache Behavior ::run [ RunTime:0.000857s ]
INFO: [ app_begin ] --END-- [ RunTime:0.000970s ]
NOTIC: [8] Undefined index: errcode D:\item\homemaking\Common\common.php 第 166 行.

[ 2016-06-03T19:14:42+08:00 ] 127.0.0.1 /Homemaking-customizeYuyingshi-v-1464952481
INFO: [ route_check ] --START--
INFO: CheckRoute Behavior ::run [ RunTime:0.000740s ]
INFO: [ route_check ] --END-- [ RunTime:0.000829s ]
INFO: [ app_begin ] --START--
INFO: ReadHtmlCache Behavior ::run [ RunTime:0.000582s ]
INFO: [ app_begin ] --END-- [ RunTime:0.000661s ]
INFO: [ view_parse ] --START--
NOTIC: [8] Undefined variable: redirect D:\item\homemaking\Runtime\Cache\Home\2a3b6442af99c0ce36d89abb9ed1f488.php 第 32 行.
INFO: ParseTemplate Behavior ::run [ RunTime:0.005450s ]
INFO: [ view_parse ] --END-- [ RunTime:0.005511s ]
INFO: [ view_filter ] --START--
INFO: ContentReplace Behavior ::run [ RunTime:0.000515s ]
INFO: TokenBuild Behavior ::run [ RunTime:0.000472s ]
INFO: WriteHtmlCache Behavior ::run [ RunTime:0.000355s ]
INFO: ShowRuntime Behavior ::run [ RunTime:0.000502s ]
INFO: [ view_filter ] --END-- [ RunTime:0.002003s ]
INFO: [ view_end ] --START--
INFO: ShowPageTrace Behavior ::run [ RunTime:0.000579s ]
INFO: [ view_end ] --END-- [ RunTime:0.000643s ]

[ 2016-06-03T19:14:44+08:00 ] 127.0.0.1 /Homemaking-customizeYuyingshi-v-1464952481
INFO: [ route_check ] --START--
INFO: CheckRoute Behavior ::run [ RunTime:0.001289s ]
INFO: [ route_check ] --END-- [ RunTime:0.001419s ]
INFO: [ app_begin ] --START--
INFO: ReadHtmlCache Behavior ::run [ RunTime:0.000945s ]
INFO: [ app_begin ] --END-- [ RunTime:0.001060s ]
INFO: [ view_parse ] --START--
INFO: ParseTemplate Behavior ::run [ RunTime:0.009970s ]
INFO: [ view_parse ] --END-- [ RunTime:0.010097s ]
INFO: [ view_filter ] --START--
INFO: ContentReplace Behavior ::run [ RunTime:0.000729s ]
INFO: TokenBuild Behavior ::run [ RunTime:0.000716s ]
INFO: WriteHtmlCache Behavior ::run [ RunTime:0.000566s ]
INFO: ShowRuntime Behavior ::run [ RunTime:0.000821s ]
INFO: [ view_filter ] --END-- [ RunTime:0.003145s ]
INFO: [ view_end ] --START--
INFO: ShowPageTrace Behavior ::run [ RunTime:0.000927s ]
INFO: [ view_end ] --END-- [ RunTime:0.001037s ]

[ 2016-06-03T19:14:44+08:00 ] 127.0.0.1 /Homemaking-customizeYuyingshi-v-1464952481
INFO: [ route_check ] --START--
INFO: CheckRoute Behavior ::run [ RunTime:0.002064s ]
INFO: [ route_check ] --END-- [ RunTime:0.002281s ]
INFO: [ app_begin ] --START--
INFO: ReadHtmlCache Behavior ::run [ RunTime:0.001567s ]
INFO: [ app_begin ] --END-- [ RunTime:0.001761s ]
INFO: [ view_parse ] --START--
INFO: ParseTemplate Behavior ::run [ RunTime:0.006754s ]
INFO: [ view_parse ] --END-- [ RunTime:0.006840s ]
INFO: [ view_filter ] --START--
INFO: ContentReplace Behavior ::run [ RunTime:0.000520s ]
INFO: TokenBuild Behavior ::run [ RunTime:0.000545s ]
INFO: WriteHtmlCache Behavior ::run [ RunTime:0.000444s ]
INFO: ShowRuntime Behavior ::run [ RunTime:0.000627s ]
INFO: [ view_filter ] --END-- [ RunTime:0.002343s ]
INFO: [ view_end ] --START--
INFO: ShowPageTrace Behavior ::run [ RunTime:0.000718s ]
INFO: [ view_end ] --END-- [ RunTime:0.000791s ]

[ 2016-06-03T19:14:44+08:00 ] 127.0.0.1 /Homemaking-customizeYuyingshi-v-1464952481
INFO: [ route_check ] --START--
INFO: CheckRoute Behavior ::run [ RunTime:0.000768s ]
INFO: [ route_check ] --END-- [ RunTime:0.000863s ]
INFO: [ app_begin ] --START--
INFO: ReadHtmlCache Behavior ::run [ RunTime:0.000585s ]
INFO: [ app_begin ] --END-- [ RunTime:0.000668s ]
INFO: [ view_parse ] --START--
INFO: ParseTemplate Behavior ::run [ RunTime:0.006830s ]
INFO: [ view_parse ] --END-- [ RunTime:0.006923s ]
INFO: [ view_filter ] --START--
INFO: ContentReplace Behavior ::run [ RunTime:0.000492s ]
INFO: TokenBuild Behavior ::run [ RunTime:0.000534s ]
INFO: WriteHtmlCache Behavior ::run [ RunTime:0.000408s ]
INFO: ShowRuntime Behavior ::run [ RunTime:0.000608s ]
INFO: [ view_filter ] --END-- [ RunTime:0.002269s ]
INFO: [ view_end ] --START--
INFO: ShowPageTrace Behavior ::run [ RunTime:0.000707s ]
INFO: [ view_end ] --END-- [ RunTime:0.000788s ]

[ 2016-06-03T19:15:05+08:00 ] 127.0.0.1 /Homemaking-confirmcustommade
INFO: [ route_check ] --START--
INFO: CheckRoute Behavior ::run [ RunTime:0.001734s ]
INFO: [ route_check ] --END-- [ RunTime:0.001947s ]
INFO: [ app_begin ] --START--
INFO: ReadHtmlCache Behavior ::run [ RunTime:0.001452s ]
INFO: [ app_begin ] --END-- [ RunTime:0.001651s ]
SQL: SELECT   column_name as 'Name',   data_type as 'Type',   column_default as 'Default',   is_nullable as 'Null'
        FROM    information_schema.tables AS t
        JOIN    information_schema.columns AS c
        ON  t.table_catalog = c.table_catalog
        AND t.table_schema  = c.table_schema
        AND t.table_name    = c.table_name
        WHERE   t.table_name = 'homemaking_custommade' [ RunTime:0.008896s ]
SQL: SELECT fldCreatetime FROM homemaking_custommade WHERE ( fldPromisetime = '20150603' ) AND ( fldTel = '11111111111' )  [ RunTime:0.009639s ]
SQL: INSERT INTO homemaking_custommade (fldTel,fldClaim,fldCreatetime,fldType,fldPromisetime) VALUES ('11111111111','1213','2016-06-03 19:15:05',2,'20150603') [ RunTime:0.017851s ]

[ 2016-06-03T19:15:06+08:00 ] 127.0.0.1 /Homemaking-confirmcustommade
INFO: [ route_check ] --START--
INFO: CheckRoute Behavior ::run [ RunTime:0.001062s ]
INFO: [ route_check ] --END-- [ RunTime:0.001193s ]
INFO: [ app_begin ] --START--
INFO: ReadHtmlCache Behavior ::run [ RunTime:0.000874s ]
INFO: [ app_begin ] --END-- [ RunTime:0.000990s ]
SQL: SELECT   column_name as 'Name',   data_type as 'Type',   column_default as 'Default',   is_nullable as 'Null'
        FROM    information_schema.tables AS t
        JOIN    information_schema.columns AS c
        ON  t.table_catalog = c.table_catalog
        AND t.table_schema  = c.table_schema
        AND t.table_name    = c.table_name
        WHERE   t.table_name = 'homemaking_custommade' [ RunTime:0.006558s ]
SQL: SELECT fldCreatetime FROM homemaking_custommade WHERE ( fldPromisetime = '20150603' ) AND ( fldTel = '11111111111' )  [ RunTime:0.007640s ]

[ 2016-06-03T19:15:06+08:00 ] 127.0.0.1 /Homemaking-confirmcustommade
INFO: [ route_check ] --START--
INFO: CheckRoute Behavior ::run [ RunTime:0.001111s ]
INFO: [ route_check ] --END-- [ RunTime:0.001236s ]
INFO: [ app_begin ] --START--
INFO: ReadHtmlCache Behavior ::run [ RunTime:0.000874s ]
INFO: [ app_begin ] --END-- [ RunTime:0.000989s ]
SQL: SELECT   column_name as 'Name',   data_type as 'Type',   column_default as 'Default',   is_nullable as 'Null'
        FROM    information_schema.tables AS t
        JOIN    information_schema.columns AS c
        ON  t.table_catalog = c.table_catalog
        AND t.table_schema  = c.table_schema
        AND t.table_name    = c.table_name
        WHERE   t.table_name = 'homemaking_custommade' [ RunTime:0.006841s ]
SQL: SELECT fldCreatetime FROM homemaking_custommade WHERE ( fldPromisetime = '20150603' ) AND ( fldTel = '11111111111' )  [ RunTime:0.006799s ]

[ 2016-06-03T19:15:15+08:00 ] 127.0.0.1 /Homemaking-confirmcustommade
INFO: [ route_check ] --START--
INFO: CheckRoute Behavior ::run [ RunTime:0.001439s ]
INFO: [ route_check ] --END-- [ RunTime:0.001604s ]
INFO: [ app_begin ] --START--
INFO: ReadHtmlCache Behavior ::run [ RunTime:0.001124s ]
INFO: [ app_begin ] --END-- [ RunTime:0.001278s ]
SQL: SELECT   column_name as 'Name',   data_type as 'Type',   column_default as 'Default',   is_nullable as 'Null'
        FROM    information_schema.tables AS t
        JOIN    information_schema.columns AS c
        ON  t.table_catalog = c.table_catalog
        AND t.table_schema  = c.table_schema
        AND t.table_name    = c.table_name
        WHERE   t.table_name = 'homemaking_custommade' [ RunTime:0.006873s ]
SQL: SELECT fldCreatetime FROM homemaking_custommade WHERE ( fldPromisetime = '20150603' ) AND ( fldTel = '11111111111' )  [ RunTime:0.006825s ]

[ 2016-06-03T19:15:27+08:00 ] 127.0.0.1 /Homemaking-confirmcustommade
INFO: [ route_check ] --START--
INFO: CheckRoute Behavior ::run [ RunTime:0.001253s ]
INFO: [ route_check ] --END-- [ RunTime:0.001397s ]
INFO: [ app_begin ] --START--
INFO: ReadHtmlCache Behavior ::run [ RunTime:0.001000s ]
INFO: [ app_begin ] --END-- [ RunTime:0.001135s ]
SQL: SELECT   column_name as 'Name',   data_type as 'Type',   column_default as 'Default',   is_nullable as 'Null'
        FROM    information_schema.tables AS t
        JOIN    information_schema.columns AS c
        ON  t.table_catalog = c.table_catalog
        AND t.table_schema  = c.table_schema
        AND t.table_name    = c.table_name
        WHERE   t.table_name = 'homemaking_custommade' [ RunTime:0.007023s ]
SQL: SELECT fldCreatetime FROM homemaking_custommade WHERE ( fldPromisetime = '2015-06-03' ) AND ( fldTel = '11111111111' )  [ RunTime:0.009831s ]

[ 2016-06-03T19:15:52+08:00 ] 127.0.0.1 /Homemaking-confirmcustommade
INFO: [ route_check ] --START--
INFO: CheckRoute Behavior ::run [ RunTime:0.001770s ]
INFO: [ route_check ] --END-- [ RunTime:0.001983s ]
INFO: [ app_begin ] --START--
INFO: ReadHtmlCache Behavior ::run [ RunTime:0.001382s ]
INFO: [ app_begin ] --END-- [ RunTime:0.001581s ]
SQL: SELECT   column_name as 'Name',   data_type as 'Type',   column_default as 'Default',   is_nullable as 'Null'
        FROM    information_schema.tables AS t
        JOIN    information_schema.columns AS c
        ON  t.table_catalog = c.table_catalog
        AND t.table_schema  = c.table_schema
        AND t.table_name    = c.table_name
        WHERE   t.table_name = 'homemaking_custommade' [ RunTime:0.007504s ]
NOTIC: [8] Undefined index: fldTel D:\item\homemaking\Lib\Action\Home\HomemakingAction.class.php 第 825 行.
SQL: SELECT fldCreatetime FROM homemaking_custommade WHERE ( fldPromisetime = '2015-06-03' ) AND ( fldTel = null )  [ RunTime:0.009879s ]
SQL: INSERT INTO homemaking_custommade (fldClaim,fldCreatetime,fldType,fldPromisetime) VALUES ('12136','2016-06-03 19:15:52',2,'2015-06-03') [ RunTime:0.008458s ]
ERR: 515:[Microsoft][SQL Server Native Client 11.0][SQL Server]不能将值 NULL 插入列 'fldTel'，表 'mak_businessT.dbo.homemaking_custommade'；列不允许有 Null 值。INSERT 失败。
 [ SQL语句 ] : INSERT INTO homemaking_custommade (fldClaim,fldCreatetime,fldType,fldPromisetime) VALUES ('12136','2016-06-03 19:15:52',2,'2015-06-03')

[ 2016-06-03T19:16:24+08:00 ] 127.0.0.1 /Homemaking-confirmcustommade
INFO: [ route_check ] --START--
INFO: CheckRoute Behavior ::run [ RunTime:0.001742s ]
INFO: [ route_check ] --END-- [ RunTime:0.001955s ]
INFO: [ app_begin ] --START--
INFO: ReadHtmlCache Behavior ::run [ RunTime:0.001451s ]
INFO: [ app_begin ] --END-- [ RunTime:0.001649s ]
SQL: SELECT   column_name as 'Name',   data_type as 'Type',   column_default as 'Default',   is_nullable as 'Null'
        FROM    information_schema.tables AS t
        JOIN    information_schema.columns AS c
        ON  t.table_catalog = c.table_catalog
        AND t.table_schema  = c.table_schema
        AND t.table_name    = c.table_name
        WHERE   t.table_name = 'homemaking_custommade' [ RunTime:0.007110s ]
NOTIC: [8] Undefined index: fldTel D:\item\homemaking\Lib\Action\Home\HomemakingAction.class.php 第 825 行.
SQL: SELECT fldCreatetime FROM homemaking_custommade WHERE ( fldPromisetime = '2015-06-03' ) AND ( fldTel = null )  [ RunTime:0.007475s ]
SQL: INSERT INTO homemaking_custommade (fldClaim,fldCreatetime,fldType,fldPromisetime) VALUES ('12136','2016-06-03 19:16:24',2,'2015-06-03') [ RunTime:0.007375s ]
ERR: 515:[Microsoft][SQL Server Native Client 11.0][SQL Server]不能将值 NULL 插入列 'fldTel'，表 'mak_businessT.dbo.homemaking_custommade'；列不允许有 Null 值。INSERT 失败。
 [ SQL语句 ] : INSERT INTO homemaking_custommade (fldClaim,fldCreatetime,fldType,fldPromisetime) VALUES ('12136','2016-06-03 19:16:24',2,'2015-06-03')

[ 2016-06-03T19:16:35+08:00 ] 127.0.0.1 /Homemaking-confirmcustommade
INFO: [ route_check ] --START--
INFO: CheckRoute Behavior ::run [ RunTime:0.001113s ]
INFO: [ route_check ] --END-- [ RunTime:0.001239s ]
INFO: [ app_begin ] --START--
INFO: ReadHtmlCache Behavior ::run [ RunTime:0.000874s ]
INFO: [ app_begin ] --END-- [ RunTime:0.000991s ]
SQL: SELECT   column_name as 'Name',   data_type as 'Type',   column_default as 'Default',   is_nullable as 'Null'
        FROM    information_schema.tables AS t
        JOIN    information_schema.columns AS c
        ON  t.table_catalog = c.table_catalog
        AND t.table_schema  = c.table_schema
        AND t.table_name    = c.table_name
        WHERE   t.table_name = 'homemaking_custommade' [ RunTime:0.006837s ]
NOTIC: [8] Undefined index: fldTel D:\item\homemaking\Lib\Action\Home\HomemakingAction.class.php 第 825 行.
SQL: SELECT fldCreatetime FROM homemaking_custommade WHERE ( fldPromisetime = '2015-06-03' ) AND ( fldTel = null )  [ RunTime:0.006487s ]
SQL: INSERT INTO homemaking_custommade (fldClaim,fldCreatetime,fldType,fldPromisetime) VALUES ('12136','2016-06-03 19:16:35',2,'2015-06-03') [ RunTime:0.007443s ]
ERR: 515:[Microsoft][SQL Server Native Client 11.0][SQL Server]不能将值 NULL 插入列 'fldTel'，表 'mak_businessT.dbo.homemaking_custommade'；列不允许有 Null 值。INSERT 失败。
 [ SQL语句 ] : INSERT INTO homemaking_custommade (fldClaim,fldCreatetime,fldType,fldPromisetime) VALUES ('12136','2016-06-03 19:16:35',2,'2015-06-03')

[ 2016-06-03T19:16:50+08:00 ] 127.0.0.1 /Homemaking-confirmcustommade
INFO: [ route_check ] --START--
INFO: CheckRoute Behavior ::run [ RunTime:0.002044s ]
INFO: [ route_check ] --END-- [ RunTime:0.002259s ]
INFO: [ app_begin ] --START--
INFO: ReadHtmlCache Behavior ::run [ RunTime:0.001577s ]
INFO: [ app_begin ] --END-- [ RunTime:0.001779s ]
SQL: SELECT   column_name as 'Name',   data_type as 'Type',   column_default as 'Default',   is_nullable as 'Null'
        FROM    information_schema.tables AS t
        JOIN    information_schema.columns AS c
        ON  t.table_catalog = c.table_catalog
        AND t.table_schema  = c.table_schema
        AND t.table_name    = c.table_name
        WHERE   t.table_name = 'homemaking_custommade' [ RunTime:0.007408s ]
NOTIC: [8] Undefined index: fldTel D:\item\homemaking\Lib\Action\Home\HomemakingAction.class.php 第 825 行.
SQL: SELECT fldCreatetime FROM homemaking_custommade WHERE ( fldPromisetime = '2015-06-03' ) AND ( fldTel = null )  [ RunTime:0.007044s ]
SQL: INSERT INTO homemaking_custommade (fldClaim,fldCreatetime,fldType,fldPromisetime) VALUES ('12136','2016-06-03 19:16:50',2,'2015-06-03') [ RunTime:0.007840s ]
ERR: 515:[Microsoft][SQL Server Native Client 11.0][SQL Server]不能将值 NULL 插入列 'fldTel'，表 'mak_businessT.dbo.homemaking_custommade'；列不允许有 Null 值。INSERT 失败。
 [ SQL语句 ] : INSERT INTO homemaking_custommade (fldClaim,fldCreatetime,fldType,fldPromisetime) VALUES ('12136','2016-06-03 19:16:50',2,'2015-06-03')

[ 2016-06-03T19:17:38+08:00 ] 127.0.0.1 /Homemaking-confirmcustommade
INFO: [ route_check ] --START--
INFO: CheckRoute Behavior ::run [ RunTime:0.001260s ]
INFO: [ route_check ] --END-- [ RunTime:0.001406s ]
INFO: [ app_begin ] --START--
INFO: ReadHtmlCache Behavior ::run [ RunTime:0.000992s ]
INFO: [ app_begin ] --END-- [ RunTime:0.001124s ]
SQL: SELECT   column_name as 'Name',   data_type as 'Type',   column_default as 'Default',   is_nullable as 'Null'
        FROM    information_schema.tables AS t
        JOIN    information_schema.columns AS c
        ON  t.table_catalog = c.table_catalog
        AND t.table_schema  = c.table_schema
        AND t.table_name    = c.table_name
        WHERE   t.table_name = 'homemaking_custommade' [ RunTime:0.009271s ]
SQL: SELECT fldCreatetime FROM homemaking_custommade WHERE ( fldPromisetime = '2015-06-03' ) AND ( fldTel = '11111111112' )  [ RunTime:0.009444s ]
SQL: INSERT INTO homemaking_custommade (fldTel,fldClaim,fldCreatetime,fldType,fldPromisetime) VALUES ('11111111112','12136','2016-06-03 19:17:37',2,'2015-06-03') [ RunTime:0.016476s ]

